Release 14.2 - xst P.28xd (nt64)
Copyright (c) 1995-2012 Xilinx, Inc.  All rights reserved.
--> Parameter TMPDIR set to xst/projnav.tmp


Total REAL time to Xst completion: 0.00 secs
Total CPU time to Xst completion: 0.26 secs
 
--> Parameter xsthdpdir set to xst


Total REAL time to Xst completion: 0.00 secs
Total CPU time to Xst completion: 0.26 secs
 
--> Reading design: top.prj

TABLE OF CONTENTS
  1) Synthesis Options Summary
  2) HDL Compilation
  3) Design Hierarchy Analysis
  4) HDL Analysis
  5) HDL Synthesis
     5.1) HDL Synthesis Report
  6) Advanced HDL Synthesis
     6.1) Advanced HDL Synthesis Report
  7) Low Level Synthesis
  8) Partition Report
  9) Final Report

=========================================================================
*                      Synthesis Options Summary                        *
=========================================================================
---- Source Parameters
Input File Name                    : "top.prj"
Input Format                       : mixed
Ignore Synthesis Constraint File   : NO

---- Target Parameters
Output File Name                   : "top"
Output Format                      : NGC
Target Device                      : XC9500XL CPLDs

---- Source Options
Top Module Name                    : top
Automatic FSM Extraction           : YES
FSM Encoding Algorithm             : Auto
Safe Implementation                : No
Mux Extraction                     : Yes
Resource Sharing                   : YES

---- Target Options
Add IO Buffers                     : YES
MACRO Preserve                     : YES
XOR Preserve                       : YES
Equivalent register Removal        : YES

---- General Options
Optimization Goal                  : Speed
Optimization Effort                : 1
Keep Hierarchy                     : Yes
Netlist Hierarchy                  : As_Optimized
RTL Output                         : Yes
Hierarchy Separator                : /
Bus Delimiter                      : <>
Case Specifier                     : Maintain
Verilog 2001                       : YES

---- Other Options
Clock Enable                       : YES
wysiwyg                            : NO

=========================================================================


=========================================================================
*                          HDL Compilation                              *
=========================================================================
Compiling vhdl file "//file00.chalmers.se/home/lsofia/DigKon/project/digkon/project/host_cpld2.1/ctrl.vhd" in Library work.
Architecture behavioral of Entity ctrl is up to date.
Compiling vhdl file "//file00.chalmers.se/home/lsofia/DigKon/project/digkon/project/host_cpld2.1/receiver.vhd" in Library work.
Architecture behavioral of Entity receiver is up to date.
Compiling vhdl file "//file00.chalmers.se/home/lsofia/DigKon/project/digkon/project/host_cpld2.1/timer.vhd" in Library work.
Architecture behavioral of Entity timer is up to date.
Compiling vhdl file "//file00.chalmers.se/home/lsofia/DigKon/project/digkon/project/host_cpld2.1/crypto.vhd" in Library work.
Architecture behavioral of Entity crypto is up to date.
Compiling vhdl file "//file00.chalmers.se/home/lsofia/DigKon/project/digkon/project/host_cpld2.1/keylookup.vhd" in Library work.
Architecture behavioral of Entity keylookup is up to date.
Compiling verilog file "equals.vf" in library work
Compiling verilog file "checker.vf" in library work
Module <equals> compiled
Module <equals_MUSER_checker> compiled
Compiling verilog file "top.vf" in library work
Module <checker> compiled
Module <equals_MUSER_top> compiled
Module <checker_MUSER_top> compiled
Module <top> compiled
No errors in compilation
Analysis of file <"top.prj"> succeeded.
 

=========================================================================
*                     Design Hierarchy Analysis                         *
=========================================================================
Analyzing hierarchy for module <top> in library <work>.

Analyzing hierarchy for entity <ctrl> in library <work> (architecture <behavioral>).

Analyzing hierarchy for module <checker_MUSER_top> in library <work>.

Analyzing hierarchy for entity <timer> in library <work> (architecture <behavioral>).

Analyzing hierarchy for entity <receiver> in library <work> (architecture <behavioral>).

Analyzing hierarchy for entity <keylookup> in library <work> (architecture <behavioral>).

Analyzing hierarchy for entity <crypto> in library <work> (architecture <behavioral>).

Analyzing hierarchy for module <equals_MUSER_top> in library <work>.


=========================================================================
*                            HDL Analysis                               *
=========================================================================
Analyzing top module <top>.
Module <top> is correct for synthesis.
 
Analyzing Entity <ctrl> in library <work> (Architecture <behavioral>).
Entity <ctrl> analyzed. Unit <ctrl> generated.

Analyzing module <checker_MUSER_top> in library <work>.
Module <checker_MUSER_top> is correct for synthesis.
 
Analyzing Entity <keylookup> in library <work> (Architecture <behavioral>).
Entity <keylookup> analyzed. Unit <keylookup> generated.

Analyzing Entity <crypto> in library <work> (Architecture <behavioral>).
Entity <crypto> analyzed. Unit <crypto> generated.

Analyzing module <equals_MUSER_top> in library <work>.
Module <equals_MUSER_top> is correct for synthesis.
 
Analyzing Entity <timer> in library <work> (Architecture <behavioral>).
Entity <timer> analyzed. Unit <timer> generated.

Analyzing Entity <receiver> in library <work> (Architecture <behavioral>).
Entity <receiver> analyzed. Unit <receiver> generated.


=========================================================================
*                           HDL Synthesis                               *
=========================================================================

Performing bidirectional port resolution...

Synthesizing Unit <ctrl>.
    Related source file is "//file00.chalmers.se/home/lsofia/DigKon/project/digkon/project/host_cpld2.1/ctrl.vhd".
    Found finite state machine <FSM_0> for signal <state>.
    -----------------------------------------------------------------------
    | States             | 7                                              |
    | Transitions        | 16                                             |
    | Inputs             | 7                                              |
    | Outputs            | 11                                             |
    | Clock              | clk                       (rising_edge)        |
    | Reset              | reset                     (positive)           |
    | Reset type         | asynchronous                                   |
    | Reset State        | s0                                             |
    | Power Up State     | s0                                             |
    | Encoding           | automatic                                      |
    | Implementation     | automatic                                      |
    -----------------------------------------------------------------------
    Found 1-bit register for signal <alarm>.
    Found 2-bit register for signal <count>.
    Found 2-bit adder for signal <count$addsub0000> created at line 68.
    Found 1-bit register for signal <nextSig>.
    Summary:
	inferred   1 Finite State Machine(s).
	inferred   2 D-type flip-flop(s).
	inferred   1 Adder/Subtractor(s).
Unit <ctrl> synthesized.


Synthesizing Unit <timer>.
    Related source file is "//file00.chalmers.se/home/lsofia/DigKon/project/digkon/project/host_cpld2.1/timer.vhd".
    Found 6-bit up counter for signal <timer>.
    Summary:
	inferred   1 Counter(s).
Unit <timer> synthesized.


Synthesizing Unit <receiver>.
    Related source file is "//file00.chalmers.se/home/lsofia/DigKon/project/digkon/project/host_cpld2.1/receiver.vhd".
    Found finite state machine <FSM_1> for signal <state>.
    -----------------------------------------------------------------------
    | States             | 19                                             |
    | Transitions        | 33                                             |
    | Inputs             | 1                                              |
    | Outputs            | 5                                              |
    | Clock              | lowClk                    (rising_edge)        |
    | Reset              | state$or0000              (positive)           |
    | Reset type         | asynchronous                                   |
    | Reset State        | s0                                             |
    | Power Up State     | s0                                             |
    | Encoding           | automatic                                      |
    | Implementation     | automatic                                      |
    -----------------------------------------------------------------------
    Found 4-bit register for signal <data>.
    Summary:
	inferred   1 Finite State Machine(s).
	inferred   4 D-type flip-flop(s).
Unit <receiver> synthesized.


Synthesizing Unit <keylookup>.
    Related source file is "//file00.chalmers.se/home/lsofia/DigKon/project/digkon/project/host_cpld2.1/keylookup.vhd".
    Found 1-bit register for signal <state<0>>.
    Summary:
	inferred   1 D-type flip-flop(s).
Unit <keylookup> synthesized.


Synthesizing Unit <crypto>.
    Related source file is "//file00.chalmers.se/home/lsofia/DigKon/project/digkon/project/host_cpld2.1/crypto.vhd".
    Found 4-bit xor2 for signal <enc>.
Unit <crypto> synthesized.


Synthesizing Unit <equals_MUSER_top>.
    Related source file is "top.vf".
Unit <equals_MUSER_top> synthesized.


Synthesizing Unit <checker_MUSER_top>.
    Related source file is "top.vf".
Unit <checker_MUSER_top> synthesized.


Synthesizing Unit <top>.
    Related source file is "top.vf".
Unit <top> synthesized.


=========================================================================
HDL Synthesis Report

Macro Statistics
# Adders/Subtractors                                   : 1
 2-bit adder                                           : 1
# Counters                                             : 1
 6-bit up counter                                      : 1
# Registers                                            : 8
 1-bit register                                        : 7
 2-bit register                                        : 1
# Xors                                                 : 1
 4-bit xor2                                            : 1

=========================================================================

=========================================================================
*                       Advanced HDL Synthesis                          *
=========================================================================

Analyzing FSM <FSM_1> for best encoding.
Optimizing FSM <XLXI_12/state/FSM> on signal <state[1:19]> with one-hot encoding.
------------------------------
 State | Encoding
------------------------------
 s0    | 0000000000000000001
 s1    | 0000000000000000010
 s2    | 0000000000000000100
 s3    | 0000000000000001000
 s4    | 0000000000000010000
 s5    | 0000000000000100000
 s6    | 0000000000001000000
 s7    | 0000000000010000000
 s8    | 0000000000100000000
 s9    | 0000000001000000000
 s10   | 0000000010000000000
 s11   | 0000000100000000000
 s12   | 0000001000000000000
 s13   | 0000010000000000000
 s14   | 0000100000000000000
 s15   | 0001000000000000000
 s16   | 0010000000000000000
 s17   | 0100000000000000000
 swait | 1000000000000000000
------------------------------
Analyzing FSM <FSM_0> for best encoding.
Optimizing FSM <XLXI_1/state/FSM> on signal <state[1:7]> with one-hot encoding.
-------------------
 State | Encoding
-------------------
 s0    | 0000001
 s1    | 0000010
 s2    | 0000100
 s3    | 0001000
 s4    | 0010000
 s5    | 0100000
 s6    | 1000000
-------------------

=========================================================================
Advanced HDL Synthesis Report

Macro Statistics
# FSMs                                                 : 2
# Adders/Subtractors                                   : 1
 2-bit adder                                           : 1
# Counters                                             : 1
 6-bit up counter                                      : 1
# Registers                                            : 7
 Flip-Flops                                            : 7
# Xors                                                 : 1
 4-bit xor2                                            : 1

=========================================================================

=========================================================================
*                         Low Level Synthesis                           *
=========================================================================

Optimizing unit <top> ...

Optimizing unit <receiver> ...
  implementation constraint: INIT=s	 : state_FSM_FFd19
  implementation constraint: INIT=r	 : state_FSM_FFd1
  implementation constraint: INIT=r	 : state_FSM_FFd2
  implementation constraint: INIT=r	 : state_FSM_FFd3
  implementation constraint: INIT=r	 : state_FSM_FFd4
  implementation constraint: INIT=r	 : state_FSM_FFd5
  implementation constraint: INIT=r	 : state_FSM_FFd6
  implementation constraint: INIT=r	 : state_FSM_FFd7
  implementation constraint: INIT=r	 : state_FSM_FFd8
  implementation constraint: INIT=r	 : state_FSM_FFd9
  implementation constraint: INIT=r	 : state_FSM_FFd10
  implementation constraint: INIT=r	 : state_FSM_FFd11
  implementation constraint: INIT=r	 : state_FSM_FFd12
  implementation constraint: INIT=r	 : state_FSM_FFd13
  implementation constraint: INIT=r	 : state_FSM_FFd14
  implementation constraint: INIT=r	 : state_FSM_FFd15
  implementation constraint: INIT=r	 : state_FSM_FFd16
  implementation constraint: INIT=r	 : state_FSM_FFd17
  implementation constraint: INIT=r	 : state_FSM_FFd18

Optimizing unit <keylookup> ...
  implementation constraint: INIT=r	 : state_0

Optimizing unit <crypto> ...

Optimizing unit <equals_MUSER_top> ...

Optimizing unit <ctrl> ...
  implementation constraint: INIT=r	 : state_FSM_FFd1
  implementation constraint: INIT=r	 : state_FSM_FFd2
  implementation constraint: INIT=r	 : state_FSM_FFd3
  implementation constraint: INIT=r	 : state_FSM_FFd4
  implementation constraint: INIT=r	 : state_FSM_FFd5
  implementation constraint: INIT=r	 : state_FSM_FFd6
  implementation constraint: INIT=s	 : state_FSM_FFd7

Optimizing unit <checker_MUSER_top> ...

Optimizing unit <timer> ...

=========================================================================
*                           Partition Report                            *
=========================================================================

Partition Implementation Status
-------------------------------

  No Partitions were found in this design.

-------------------------------

=========================================================================
*                            Final Report                               *
=========================================================================
Final Results
RTL Top Level Output File Name     : top.ngr
Top Level Output File Name         : top
Output Format                      : NGC
Optimization Goal                  : Speed
Keep Hierarchy                     : Yes
Target Technology                  : XC9500XL CPLDs
Macro Preserve                     : YES
XOR Preserve                       : YES
Clock Enable                       : YES
wysiwyg                            : NO

Design Statistics
# IOs                              : 14

Cell Usage :
# BELS                             : 147
#      AND2                        : 54
#      AND3                        : 2
#      AND4                        : 2
#      AND6                        : 1
#      GND                         : 1
#      INV                         : 43
#      OR2                         : 29
#      OR4                         : 2
#      OR7                         : 1
#      OR8                         : 1
#      VCC                         : 1
#      XNOR2                       : 4
#      XOR2                        : 6
# FlipFlops/Latches                : 41
#      FDC                         : 31
#      FDCE                        : 8
#      FDP                         : 2
# IO Buffers                       : 14
#      IBUF                        : 10
#      OBUF                        : 4
=========================================================================


Total REAL time to Xst completion: 21.00 secs
Total CPU time to Xst completion: 20.78 secs
 
--> 

Total memory usage is 254436 kilobytes

Number of errors   :    0 (   0 filtered)
Number of warnings :    0 (   0 filtered)
Number of infos    :    0 (   0 filtered)

