ISim log file
Running: C:\workspace\digkon\project\client_cpld1\top_isim_beh.exe -intstyle ise -gui -tclbatch isim.cmd -wdb C:/workspace/digkon/project/client_cpld1/top_isim_beh.wdb 
ISim P.40xd (signature 0x7708f090)
WARNING: A WEBPACK license was found.
WARNING: Please use Xilinx License Configuration Manager to check out a full ISim license.
WARNING: ISim will run in Lite mode. Please refer to the ISim documentation for more information on the differences between the Lite and the Full version.
This is a Lite version of ISim.
Time resolution is 1 ps
# onerror resume
# wave add /
# run 1000 ns
Simulator is doing circuit initialization process.
Finished circuit initialization process.
# put rst 0
# put rcv 0
# put key 1010
# run
# isim force add /top/clk 0 -radix bin -value 1 -radix bin -time 200 ps -repeat 400 ps
# run
# run
# run
# put rst 1
# run
# run
# run
# put rcv 1
# run
# put rcv 0
# run
# put rcv 1
# run
# put rcv 0
# run
# put rcv 1
# run
# put rcv 0
# run
# put rcv 1
# run
# put rcv 0
# run
# put rcv 1
# run
# put rcv 0
# run
# put rcv 1
# run
# put rcv 0
# run
# put rcv 1
# run
# put rcv 0
# run
# put rcv 1
# run
# put rcv 0
# run
# put rcv 1
# run
# put rcv 0
# run
# run
# run
# run
# run
# run
# run
# run
# run
# run
# run
# run
# run
# run
# run
# run
# run
# run
# run
# run
# run
# run
# run
# run
# run
# run
# run
# run
# run
# run
# run
# run
# run
# run
# run
# run
# run
# run
# run
# run
# run
# run
# run
# run
# run
# run
# run
# run
# run
# run
# run
# run
# run
# run
# run
# run
# run
# run
# run
# run
# run
# run
# run
# run
# run
# run
# run
# run
# run
# run
# run
# run
# run
# run
# run
# run
# run
# run
# run
# run
# run
# run
# run
# run
# run
# run
# run
# run
# run
# run
# run
# run
# run
# run
# run
# run
# run
# run
# run
# run
# run
# run
# run
# run
# run
# run
# run
# run
# run
# run
# run
# run
# run
# run
# run
# run
# run
# run
# run
# run
# run
# run
# run
# run
# run
# run
# run
# run
# run
# run
# run
# run
# run
# run
# run
# run
# run
# run
# run
# run
# run
# run
# run
# run
# run
# run
# run
# run
# run
# run
# run
# run
# run
# run
# run
# run
# run
# run
# run
# run
# run
# run
# run
# run
# run
# run
# run
# run
# run
# run
# run
# run
# run
# run
# run
# run
# run
# run
# run
# run
# run
# run
# run
# run
# run
# run
# run
# run
# run
# run
# run
# run
# run
# run
# run
# run
# run
# run
# run
# run
# run
# run
# run
# run
# run
# run
# run
# run
# run
# run
# run
# run
# run
# run
# run
# run
# run
# run
# run
# run
# run
# run
# run
# run
# run
# run
# run
# run
# run
# run
# run
# run
# run
# run
# run
# run
# run
# run
# run
# run
# run
# run
# run
# run
# run
# run
# run
# run
# run
# run
# run
# run
# run
# run
# run
# run
# run
# run
# run
# run
# run
# run
# run
# run
# run
# run
# run
# run
# run
# run
# run
# run
# run
# run
# run
# run
# run
# run
# run
# run
# run
# run
# run
# run
# run
# run
# run
# run
# run
# run
# run
# run
# run
# run
# run
# run
# run
# run
# run
# run
# run
# run
# run
# run
# run
# run
# run
# run
# run
# run
# run
# run
# run
# run
# run
# run
# run
# run
# run
# run
# run
# run
# run
# run
# run
# run
# run
# run
# run
# run
# run
# run
# run
# run
