 
cpldfit:  version P.28xd                            Xilinx Inc.
                                  Fitter Report
Design Name: top                                 Date: 12-17-2012,  3:16PM
Device Used: XC9572XL-5-PC44
Fitting Status: Successful

*************************  Mapped Resource Summary  **************************

Macrocells     Product Terms    Function Block   Registers      Pins           
Used/Tot       Used/Tot         Inps Used/Tot    Used/Tot       Used/Tot       
36 /72  ( 50%) 178 /360  ( 49%) 65 /216 ( 30%)   29 /72  ( 40%) 17 /34  ( 50%)

** Function Block Resources **

Function    Mcells      FB Inps     Pterms      IO          
Block       Used/Tot    Used/Tot    Used/Tot    Used/Tot    
FB1          10/18       20/54       82/90       1/ 9
FB2           8/18       16/54       20/90       9/ 9*
FB3          10/18       21/54       68/90       7/ 9
FB4           8/18        8/54        8/90       0/ 7
             -----       -----       -----      -----    
             36/72       65/216     178/360     17/34 

* - Resource is exhausted

** Global Control Resources **

Signal 'clk' mapped onto global clock net GCK1.
Global output enable net(s) unused.
Signal 'rst' mapped onto global set/reset net GSR.

** Pin Resources **

Signal Type    Required     Mapped  |  Pin Type            Used    Total 
------------------------------------|------------------------------------
Input         :    5           5    |  I/O              :    13      28
Output        :   10          10    |  GCK/IO           :     1       3
Bidirectional :    0           0    |  GTS/IO           :     2       2
GCK           :    1           1    |  GSR/IO           :     1       1
GTS           :    0           0    |
GSR           :    1           1    |
                 ----        ----
        Total     17          17

** Power Data **

There are 36 macrocells in high performance mode (MCHP).
There are 0 macrocells in low power mode (MCLP).
End of Mapped Resource Summary
**************************  Errors and Warnings  ***************************

WARNING:Cpld - Unable to retrieve the path to the iSE Project Repository. Will
   use the default filename of 'top.ise'.
INFO:Cpld - Inferring BUFG constraint for signal 'clk' based upon the LOC
   constraint 'P5'. It is recommended that you declare this BUFG explicitedly in
   your design. Note that for certain device families the output of a BUFG
   constraint can not drive a gated clock, and the BUFG constraint will be
   ignored.
*************************  Summary of Mapped Logic  ************************

** 10 Outputs **

Signal                                          Total Total Loc     Pin  Pin     Pin     Pwr  Slew Reg Init
Name                                            Pts   Inps          No.  Type    Use     Mode Rate State
reciverClient<2>                                4     8     FB2_2   35   I/O     O       STD  FAST RESET
reciverClient<1>                                4     8     FB2_5   36   I/O     O       STD  FAST RESET
reciverClient<0>                                4     7     FB2_6   37   I/O     O       STD  FAST RESET
senderMsg<3>                                    2     2     FB2_8   38   I/O     O       STD  FAST 
senderMsg<2>                                    2     2     FB2_11  40   GTS/I/O O       STD  FAST 
senderMsg<1>                                    2     2     FB2_14  42   GTS/I/O O       STD  FAST 
senderMsg<0>                                    2     2     FB2_15  43   I/O     O       STD  FAST 
volt                                            0     0     FB2_17  44   I/O     O       STD  FAST 
reciverClient<3>                                4     8     FB3_2   11   I/O     O       STD  FAST RESET
xmt                                             21    12    FB3_8   13   I/O     O       STD  FAST RESET

** 26 Buried Nodes **

Signal                                          Total Total Loc     Pwr  Reg Init
Name                                            Pts   Inps          Mode State
XLXI_1/sendcount<0>                             3     7     FB1_1   STD  RESET
XLXI_2/state_FSM_FFd1                           20    12    FB1_4   STD  RESET
XLXI_2/state_FSM_FFd5                           16    12    FB1_7   STD  RESET
XLXI_1/state_FSM_FFd1                           5     7     FB1_9   STD  RESET
XLXI_1/sendcount<1>                             3     8     FB1_10  STD  RESET
XLXI_1/sendcount<2>                             3     9     FB1_11  STD  RESET
XLXI_1/state_FSM_FFd2                           3     8     FB1_12  STD  RESET
reciverClient_3_OBUF/reciverClient_3_OBUF_RSTF  2     3     FB1_13  STD  
XLXI_8/count<0>                                 1     0     FB1_14  STD  RESET
XLXI_2/state_FSM_FFd2                           26    12    FB1_16  STD  RESET
xmt_OBUF/xmt_OBUF_RSTF__$INT                    1     2     FB3_1   STD  
XLXI_4/state_FSM_FFd1                           3     7     FB3_10  STD  RESET
XLXI_4/state_FSM_FFd3                           4     6     FB3_11  STD  RESET
XLXI_4/state_FSM_FFd2                           4     7     FB3_12  STD  RESET
XLXI_4/state_FSM_FFd4                           5     7     FB3_13  STD  RESET
XLXI_4/state_FSM_FFd5                           6     6     FB3_14  STD  RESET
XLXI_2/state_FSM_FFd4                           10    8     FB3_16  STD  RESET
XLXI_2/state_FSM_FFd3                           10    7     FB3_18  STD  RESET
XLXN_20                                         1     8     FB4_11  STD  RESET
XLXI_8/count<7>                                 1     7     FB4_12  STD  RESET
XLXI_8/count<6>                                 1     6     FB4_13  STD  RESET
XLXI_8/count<5>                                 1     5     FB4_14  STD  RESET
XLXI_8/count<4>                                 1     4     FB4_15  STD  RESET
XLXI_8/count<3>                                 1     3     FB4_16  STD  RESET
XLXI_8/count<2>                                 1     2     FB4_17  STD  RESET
XLXI_8/count<1>                                 1     1     FB4_18  STD  RESET

** 7 Inputs **

Signal                                          Loc     Pin  Pin     Pin     
Name                                                    No.  Type    Use     
clk                                             FB1_9   5    GCK/I/O GCK
rst                                             FB2_9   39   GSR/I/O GSR/I
rcv                                             FB3_9   14   I/O     I
key<0>                                          FB3_11  18   I/O     I
key<1>                                          FB3_14  19   I/O     I
key<2>                                          FB3_15  20   I/O     I
key<3>                                          FB3_17  22   I/O     I

Legend:
Pin No. - ~ - User Assigned
**************************  Function Block Details  ************************
Legend:
Total Pt     - Total product terms used by the macrocell signal
Imp Pt       - Product terms imported from other macrocells
Exp Pt       - Product terms exported to other macrocells
               in direction shown
Unused Pt    - Unused local product terms remaining in macrocell
Loc          - Location where logic was mapped in device
Pin Type/Use - I  - Input             GCK - Global Clock
               O  - Output            GTS - Global Output Enable
              (b) - Buried macrocell  GSR - Global Set/Reset
X            - Signal used as input to the macrocell logic.
Pin No.      - ~  - User Assigned
*********************************** FB1  ***********************************
Number of function block inputs used/remaining:               20/34
Number of signals used by logic mapping into function block:  20
Signal              Total   Imp   Exp Unused  Loc     Pin   Pin     Pin
Name                Pt      Pt    Pt  Pt               #    Type    Use
XLXI_1/sendcount<0>   3       0   /\1   1     FB1_1         (b)     (b)
(unused)              0       0   \/5   0     FB1_2   1     I/O     (b)
(unused)              0       0   \/5   0     FB1_3         (b)     (b)
XLXI_2/state_FSM_FFd1
                     20      15<-   0   0     FB1_4         (b)     (b)
(unused)              0       0   /\5   0     FB1_5   2     I/O     (b)
(unused)              0       0   \/5   0     FB1_6   3     I/O     (b)
XLXI_2/state_FSM_FFd5
                     16      11<-   0   0     FB1_7         (b)     (b)
(unused)              0       0   /\5   0     FB1_8   4     I/O     (b)
XLXI_1/state_FSM_FFd1
                      5       1<- /\1   0     FB1_9   5     GCK/I/O GCK
XLXI_1/sendcount<1>   3       0   /\1   1     FB1_10        (b)     (b)
XLXI_1/sendcount<2>   3       0     0   2     FB1_11  6     GCK/I/O (b)
XLXI_1/state_FSM_FFd2
                      3       0     0   2     FB1_12        (b)     (b)
reciverClient_3_OBUF/reciverClient_3_OBUF_RSTF
                      2       0   \/1   2     FB1_13        (b)     (b)
XLXI_8/count<0>       1       1<- \/5   0     FB1_14  7     GCK/I/O (b)
(unused)              0       0   \/5   0     FB1_15  8     I/O     (b)
XLXI_2/state_FSM_FFd2
                     26      21<-   0   0     FB1_16        (b)     (b)
(unused)              0       0   /\5   0     FB1_17  9     I/O     (b)
(unused)              0       0   /\5   0     FB1_18        (b)     (b)

Signals Used by Logic in Function Block
  1: XLXI_1/sendcount<0>     8: XLXI_2/state_FSM_FFd3  15: reciverClient<0> 
  2: XLXI_1/sendcount<1>     9: XLXI_2/state_FSM_FFd4  16: reciverClient<1> 
  3: XLXI_1/sendcount<2>    10: XLXI_2/state_FSM_FFd5  17: reciverClient<2> 
  4: XLXI_1/state_FSM_FFd1  11: XLXI_4/state_FSM_FFd1  18: reciverClient<3> 
  5: XLXI_1/state_FSM_FFd2  12: XLXI_4/state_FSM_FFd4  19: reciverClient_3_OBUF/reciverClient_3_OBUF_RSTF 
  6: XLXI_2/state_FSM_FFd1  13: XLXN_20                20: rst 
  7: XLXI_2/state_FSM_FFd2  14: rcv                   

Signal                        1         2         3         4 FB
Name                0----+----0----+----0----+----0----+----0 Inputs
XLXI_1/sendcount<0>  X..XX.....XXX......X.................... 7
XLXI_2/state_FSM_FFd1 
                     .....XXXXX..XXXXXXX..................... 12
XLXI_2/state_FSM_FFd5 
                     .....XXXXX..XXXXXXX..................... 12
XLXI_1/state_FSM_FFd1 
                     ...XXX..X.XXX........................... 7
XLXI_1/sendcount<1>  XX.XX.....XXX......X.................... 8
XLXI_1/sendcount<2>  XXXXX.....XXX......X.................... 9
XLXI_1/state_FSM_FFd2 
                     XXXXXX..X...X........................... 8
reciverClient_3_OBUF/reciverClient_3_OBUF_RSTF 
                     ...XX..............X.................... 3
XLXI_8/count<0>      ........................................ 0
XLXI_2/state_FSM_FFd2 
                     .....XXXXX..XXXXXXX..................... 12
                    0----+----1----+----2----+----3----+----4
                              0         0         0         0
*********************************** FB2  ***********************************
Number of function block inputs used/remaining:               16/38
Number of signals used by logic mapping into function block:  16
Signal              Total   Imp   Exp Unused  Loc     Pin   Pin     Pin
Name                Pt      Pt    Pt  Pt               #    Type    Use
(unused)              0       0     0   5     FB2_1         (b)     
reciverClient<2>      4       0     0   1     FB2_2   35    I/O     O
(unused)              0       0     0   5     FB2_3         (b)     
(unused)              0       0     0   5     FB2_4         (b)     
reciverClient<1>      4       0     0   1     FB2_5   36    I/O     O
reciverClient<0>      4       0     0   1     FB2_6   37    I/O     O
(unused)              0       0     0   5     FB2_7         (b)     
senderMsg<3>          2       0     0   3     FB2_8   38    I/O     O
(unused)              0       0     0   5     FB2_9   39    GSR/I/O GSR/I
(unused)              0       0     0   5     FB2_10        (b)     
senderMsg<2>          2       0     0   3     FB2_11  40    GTS/I/O O
(unused)              0       0     0   5     FB2_12        (b)     
(unused)              0       0     0   5     FB2_13        (b)     
senderMsg<1>          2       0     0   3     FB2_14  42    GTS/I/O O
senderMsg<0>          2       0     0   3     FB2_15  43    I/O     O
(unused)              0       0     0   5     FB2_16        (b)     
volt                  0       0     0   5     FB2_17  44    I/O     O
(unused)              0       0     0   5     FB2_18        (b)     

Signals Used by Logic in Function Block
  1: XLXI_2/state_FSM_FFd1   7: key<0>            12: reciverClient<0> 
  2: XLXI_2/state_FSM_FFd2   8: key<1>            13: reciverClient<1> 
  3: XLXI_2/state_FSM_FFd3   9: key<2>            14: reciverClient<2> 
  4: XLXI_2/state_FSM_FFd4  10: key<3>            15: reciverClient<3> 
  5: XLXI_2/state_FSM_FFd5  11: rcv               16: reciverClient_3_OBUF/reciverClient_3_OBUF_RSTF 
  6: XLXN_20               

Signal                        1         2         3         4 FB
Name                0----+----0----+----0----+----0----+----0 Inputs
reciverClient<2>     XXXXXX....X....X........................ 8
reciverClient<1>     XXXXXX....X....X........................ 8
reciverClient<0>     .XXXXX....X....X........................ 7
senderMsg<3>         .........X....X......................... 2
senderMsg<2>         ........X....X.......................... 2
senderMsg<1>         .......X....X........................... 2
senderMsg<0>         ......X....X............................ 2
volt                 ........................................ 0
                    0----+----1----+----2----+----3----+----4
                              0         0         0         0
*********************************** FB3  ***********************************
Number of function block inputs used/remaining:               21/33
Number of signals used by logic mapping into function block:  21
Signal              Total   Imp   Exp Unused  Loc     Pin   Pin     Pin
Name                Pt      Pt    Pt  Pt               #    Type    Use
xmt_OBUF/xmt_OBUF_RSTF__$INT
                      1       0     0   4     FB3_1         (b)     (b)
reciverClient<3>      4       0     0   1     FB3_2   11    I/O     O
(unused)              0       0     0   5     FB3_3         (b)     
(unused)              0       0     0   5     FB3_4         (b)     
(unused)              0       0     0   5     FB3_5   12    I/O     
(unused)              0       0   \/4   1     FB3_6         (b)     (b)
(unused)              0       0   \/5   0     FB3_7         (b)     (b)
xmt                  21      16<-   0   0     FB3_8   13    I/O     O
(unused)              0       0   /\5   0     FB3_9   14    I/O     I
XLXI_4/state_FSM_FFd1
                      3       0   /\2   0     FB3_10        (b)     (b)
XLXI_4/state_FSM_FFd3
                      4       0     0   1     FB3_11  18    I/O     I
XLXI_4/state_FSM_FFd2
                      4       0   \/1   0     FB3_12        (b)     (b)
XLXI_4/state_FSM_FFd4
                      5       1<- \/1   0     FB3_13        (b)     (b)
XLXI_4/state_FSM_FFd5
                      6       1<-   0   0     FB3_14  19    I/O     I
(unused)              0       0   \/5   0     FB3_15  20    I/O     I
XLXI_2/state_FSM_FFd4
                     10       5<-   0   0     FB3_16  24    I/O     (b)
(unused)              0       0   \/5   0     FB3_17  22    I/O     I
XLXI_2/state_FSM_FFd3
                     10       5<-   0   0     FB3_18        (b)     (b)

Signals Used by Logic in Function Block
  1: XLXI_1/state_FSM_FFd1   8: XLXI_4/state_FSM_FFd1  15: reciverClient_3_OBUF/reciverClient_3_OBUF_RSTF 
  2: XLXI_1/state_FSM_FFd2   9: XLXI_4/state_FSM_FFd2  16: senderMsg<0> 
  3: XLXI_2/state_FSM_FFd1  10: XLXI_4/state_FSM_FFd3  17: senderMsg<1> 
  4: XLXI_2/state_FSM_FFd2  11: XLXI_4/state_FSM_FFd4  18: senderMsg<2> 
  5: XLXI_2/state_FSM_FFd3  12: XLXI_4/state_FSM_FFd5  19: senderMsg<3> 
  6: XLXI_2/state_FSM_FFd4  13: XLXN_20                20: xmt 
  7: XLXI_2/state_FSM_FFd5  14: rcv                    21: xmt_OBUF/xmt_OBUF_RSTF__$INT 

Signal                        1         2         3         4 FB
Name                0----+----0----+----0----+----0----+----0 Inputs
xmt_OBUF/xmt_OBUF_RSTF__$INT 
                     XX...................................... 2
reciverClient<3>     ..XXXXX.....XXX......................... 8
xmt                  .......XXXXXX..XXXXXX................... 12
XLXI_4/state_FSM_FFd1 
                     .......XXXXXX.......X................... 7
XLXI_4/state_FSM_FFd3 
                     ........XXXXX.......X................... 6
XLXI_4/state_FSM_FFd2 
                     .......XXXXXX.......X................... 7
XLXI_4/state_FSM_FFd4 
                     .......XXXXXX.......X................... 7
XLXI_4/state_FSM_FFd5 
                     .......XXXX.X.......X................... 6
XLXI_2/state_FSM_FFd4 
                     ..XXXXX.....XXX......................... 8
XLXI_2/state_FSM_FFd3 
                     ...XXXX.....XXX......................... 7
                    0----+----1----+----2----+----3----+----4
                              0         0         0         0
*********************************** FB4  ***********************************
Number of function block inputs used/remaining:               8/46
Number of signals used by logic mapping into function block:  8
Signal              Total   Imp   Exp Unused  Loc     Pin   Pin     Pin
Name                Pt      Pt    Pt  Pt               #    Type    Use
(unused)              0       0     0   5     FB4_1         (b)     
(unused)              0       0     0   5     FB4_2   25    I/O     
(unused)              0       0     0   5     FB4_3         (b)     
(unused)              0       0     0   5     FB4_4         (b)     
(unused)              0       0     0   5     FB4_5   26    I/O     
(unused)              0       0     0   5     FB4_6         (b)     
(unused)              0       0     0   5     FB4_7         (b)     
(unused)              0       0     0   5     FB4_8   27    I/O     
(unused)              0       0     0   5     FB4_9         (b)     
(unused)              0       0     0   5     FB4_10        (b)     
XLXN_20               1       0     0   4     FB4_11  28    I/O     (b)
XLXI_8/count<7>       1       0     0   4     FB4_12        (b)     (b)
XLXI_8/count<6>       1       0     0   4     FB4_13        (b)     (b)
XLXI_8/count<5>       1       0     0   4     FB4_14  29    I/O     (b)
XLXI_8/count<4>       1       0     0   4     FB4_15  33    I/O     (b)
XLXI_8/count<3>       1       0     0   4     FB4_16        (b)     (b)
XLXI_8/count<2>       1       0     0   4     FB4_17  34    I/O     (b)
XLXI_8/count<1>       1       0     0   4     FB4_18        (b)     (b)

Signals Used by Logic in Function Block
  1: XLXI_8/count<0>    4: XLXI_8/count<3>    7: XLXI_8/count<6> 
  2: XLXI_8/count<1>    5: XLXI_8/count<4>    8: XLXI_8/count<7> 
  3: XLXI_8/count<2>    6: XLXI_8/count<5>  

Signal                        1         2         3         4 FB
Name                0----+----0----+----0----+----0----+----0 Inputs
XLXN_20              XXXXXXXX................................ 8
XLXI_8/count<7>      XXXXXXX................................. 7
XLXI_8/count<6>      XXXXXX.................................. 6
XLXI_8/count<5>      XXXXX................................... 5
XLXI_8/count<4>      XXXX.................................... 4
XLXI_8/count<3>      XXX..................................... 3
XLXI_8/count<2>      XX...................................... 2
XLXI_8/count<1>      X....................................... 1
                    0----+----1----+----2----+----3----+----4
                              0         0         0         0
*******************************  Equations  ********************************

********** Mapped Logic **********

XLXI_1/sendcount<0>.T = rst & !XLXI_1/state_FSM_FFd1 & 
	!XLXI_1/state_FSM_FFd2 & XLXI_1/sendcount<0>
	# rst & !XLXI_1/state_FSM_FFd1 & 
	XLXI_1/state_FSM_FFd2 & XLXI_4/state_FSM_FFd1 & XLXI_4/state_FSM_FFd4;
   XLXI_1/sendcount<0>.CLK = XLXN_20;    

XLXI_1/sendcount<1>.T = rst & !XLXI_1/state_FSM_FFd1 & 
	!XLXI_1/state_FSM_FFd2 & XLXI_1/sendcount<1>
	# rst & !XLXI_1/state_FSM_FFd1 & 
	XLXI_1/state_FSM_FFd2 & XLXI_4/state_FSM_FFd1 & XLXI_4/state_FSM_FFd4 & 
	XLXI_1/sendcount<0>;
   XLXI_1/sendcount<1>.CLK = XLXN_20;    

XLXI_1/sendcount<2>.T = rst & !XLXI_1/state_FSM_FFd1 & 
	!XLXI_1/state_FSM_FFd2 & XLXI_1/sendcount<2>
	# rst & !XLXI_1/state_FSM_FFd1 & 
	XLXI_1/state_FSM_FFd2 & XLXI_4/state_FSM_FFd1 & XLXI_4/state_FSM_FFd4 & 
	XLXI_1/sendcount<0> & XLXI_1/sendcount<1>;
   XLXI_1/sendcount<2>.CLK = XLXN_20;    

XLXI_1/state_FSM_FFd1.D = !XLXI_1/state_FSM_FFd1 & !XLXI_1/state_FSM_FFd2
	# !XLXI_1/state_FSM_FFd2 & !XLXI_2/state_FSM_FFd4
	# !XLXI_1/state_FSM_FFd2 & !XLXI_2/state_FSM_FFd1
;Imported pterms FB1_10
	# !XLXI_1/state_FSM_FFd1 & XLXI_4/state_FSM_FFd1 & 
	XLXI_4/state_FSM_FFd4;
   XLXI_1/state_FSM_FFd1.CLK = XLXN_20;
   !XLXI_1/state_FSM_FFd1.AR = rst;	// GSR    

XLXI_1/state_FSM_FFd2.T = XLXI_1/state_FSM_FFd1 & !XLXI_1/state_FSM_FFd2 & 
	XLXI_2/state_FSM_FFd4 & XLXI_2/state_FSM_FFd1
	# XLXI_1/state_FSM_FFd1 & XLXI_1/state_FSM_FFd2 & 
	XLXI_1/sendcount<0> & XLXI_1/sendcount<1> & XLXI_1/sendcount<2>;
   XLXI_1/state_FSM_FFd2.CLK = XLXN_20;
   !XLXI_1/state_FSM_FFd2.AR = rst;	// GSR    

XLXI_2/state_FSM_FFd1.T = rcv & !XLXI_2/state_FSM_FFd4 & 
	XLXI_2/state_FSM_FFd5 & XLXI_2/state_FSM_FFd1
	# !XLXI_2/state_FSM_FFd4 & !XLXI_2/state_FSM_FFd5 & 
	XLXI_2/state_FSM_FFd2 & !XLXI_2/state_FSM_FFd3 & !XLXI_2/state_FSM_FFd1
	# rcv & reciverClient<0> & reciverClient<1> & 
	reciverClient<2> & reciverClient<3> & !XLXI_2/state_FSM_FFd4 & 
	XLXI_2/state_FSM_FFd1
;Imported pterms FB1_3
	# rcv & reciverClient<0> & !reciverClient<1> & 
	reciverClient<2> & !reciverClient<3> & !XLXI_2/state_FSM_FFd4 & 
	XLXI_2/state_FSM_FFd1
	# rcv & reciverClient<0> & !reciverClient<1> & 
	!reciverClient<2> & reciverClient<3> & !XLXI_2/state_FSM_FFd4 & 
	XLXI_2/state_FSM_FFd1
	# rcv & !reciverClient<0> & reciverClient<1> & 
	reciverClient<2> & !reciverClient<3> & !XLXI_2/state_FSM_FFd4 & 
	XLXI_2/state_FSM_FFd1
	# rcv & !reciverClient<0> & reciverClient<1> & 
	!reciverClient<2> & reciverClient<3> & !XLXI_2/state_FSM_FFd4 & 
	XLXI_2/state_FSM_FFd1
	# rcv & !reciverClient<0> & !reciverClient<1> & 
	reciverClient<2> & reciverClient<3> & !XLXI_2/state_FSM_FFd4 & 
	XLXI_2/state_FSM_FFd1
;Imported pterms FB1_2
	# !rcv & reciverClient<0> & reciverClient<1> & 
	!reciverClient<2> & reciverClient<3> & !XLXI_2/state_FSM_FFd4 & 
	!XLXI_2/state_FSM_FFd5 & XLXI_2/state_FSM_FFd1
	# !rcv & reciverClient<0> & !reciverClient<1> & 
	!reciverClient<2> & !reciverClient<3> & !XLXI_2/state_FSM_FFd4 & 
	!XLXI_2/state_FSM_FFd5 & XLXI_2/state_FSM_FFd1
	# !rcv & !reciverClient<0> & reciverClient<1> & 
	!reciverClient<2> & !reciverClient<3> & !XLXI_2/state_FSM_FFd4 & 
	!XLXI_2/state_FSM_FFd5 & XLXI_2/state_FSM_FFd1
	# !rcv & !reciverClient<0> & !reciverClient<1> & 
	reciverClient<2> & !reciverClient<3> & !XLXI_2/state_FSM_FFd4 & 
	!XLXI_2/state_FSM_FFd5 & XLXI_2/state_FSM_FFd1
	# !rcv & !reciverClient<0> & !reciverClient<1> & 
	!reciverClient<2> & reciverClient<3> & !XLXI_2/state_FSM_FFd4 & 
	!XLXI_2/state_FSM_FFd5 & XLXI_2/state_FSM_FFd1
;Imported pterms FB1_5
	# rcv & reciverClient<0> & reciverClient<1> & 
	!reciverClient<2> & !reciverClient<3> & !XLXI_2/state_FSM_FFd4 & 
	XLXI_2/state_FSM_FFd1
	# rcv & !reciverClient<0> & !reciverClient<1> & 
	!reciverClient<2> & !reciverClient<3> & !XLXI_2/state_FSM_FFd4 & 
	XLXI_2/state_FSM_FFd1
	# !rcv & reciverClient<0> & reciverClient<1> & 
	reciverClient<2> & !reciverClient<3> & !XLXI_2/state_FSM_FFd4 & 
	!XLXI_2/state_FSM_FFd5 & XLXI_2/state_FSM_FFd1
	# !rcv & reciverClient<0> & !reciverClient<1> & 
	reciverClient<2> & reciverClient<3> & !XLXI_2/state_FSM_FFd4 & 
	!XLXI_2/state_FSM_FFd5 & XLXI_2/state_FSM_FFd1
	# !rcv & !reciverClient<0> & reciverClient<1> & 
	reciverClient<2> & reciverClient<3> & !XLXI_2/state_FSM_FFd4 & 
	!XLXI_2/state_FSM_FFd5 & XLXI_2/state_FSM_FFd1;
   XLXI_2/state_FSM_FFd1.CLK = XLXN_20;
   XLXI_2/state_FSM_FFd1.AR = reciverClient_3_OBUF/reciverClient_3_OBUF_RSTF;    

XLXI_2/state_FSM_FFd2.D = XLXI_2/state_FSM_FFd4 & XLXI_2/state_FSM_FFd1
	# !rcv & XLXI_2/state_FSM_FFd5 & 
	XLXI_2/state_FSM_FFd1
	# rcv & !XLXI_2/state_FSM_FFd4 & 
	!XLXI_2/state_FSM_FFd5 & XLXI_2/state_FSM_FFd2 & XLXI_2/state_FSM_FFd3
;Imported pterms FB1_15
	# XLXI_2/state_FSM_FFd2 & !XLXI_2/state_FSM_FFd3 & 
	!XLXI_2/state_FSM_FFd1
	# rcv & XLXI_2/state_FSM_FFd4 & 
	XLXI_2/state_FSM_FFd5 & XLXI_2/state_FSM_FFd2
	# !rcv & XLXI_2/state_FSM_FFd4 & 
	!XLXI_2/state_FSM_FFd5 & XLXI_2/state_FSM_FFd2
	# !rcv & !XLXI_2/state_FSM_FFd4 & 
	XLXI_2/state_FSM_FFd5 & XLXI_2/state_FSM_FFd2
	# !rcv & !XLXI_2/state_FSM_FFd4 & 
	!XLXI_2/state_FSM_FFd5 & !XLXI_2/state_FSM_FFd2 & XLXI_2/state_FSM_FFd3
;Imported pterms FB1_14
	# !rcv & reciverClient<0> & reciverClient<1> & 
	!reciverClient<2> & !reciverClient<3> & XLXI_2/state_FSM_FFd1
	# !rcv & !reciverClient<0> & reciverClient<1> & 
	!reciverClient<2> & reciverClient<3> & XLXI_2/state_FSM_FFd1
	# !rcv & !reciverClient<0> & !reciverClient<1> & 
	!reciverClient<2> & !reciverClient<3> & XLXI_2/state_FSM_FFd1
	# rcv & reciverClient<0> & !reciverClient<1> & 
	reciverClient<2> & reciverClient<3> & !XLXI_2/state_FSM_FFd5 & 
	XLXI_2/state_FSM_FFd1
	# rcv & !reciverClient<0> & reciverClient<1> & 
	reciverClient<2> & reciverClient<3> & !XLXI_2/state_FSM_FFd5 & 
	XLXI_2/state_FSM_FFd1
;Imported pterms FB1_17
	# !rcv & reciverClient<0> & reciverClient<1> & 
	reciverClient<2> & reciverClient<3> & XLXI_2/state_FSM_FFd1
	# !rcv & reciverClient<0> & !reciverClient<1> & 
	reciverClient<2> & !reciverClient<3> & XLXI_2/state_FSM_FFd1
	# !rcv & reciverClient<0> & !reciverClient<1> & 
	!reciverClient<2> & reciverClient<3> & XLXI_2/state_FSM_FFd1
	# !rcv & !reciverClient<0> & reciverClient<1> & 
	reciverClient<2> & !reciverClient<3> & XLXI_2/state_FSM_FFd1
	# !rcv & !reciverClient<0> & !reciverClient<1> & 
	reciverClient<2> & reciverClient<3> & XLXI_2/state_FSM_FFd1
;Imported pterms FB1_18
	# rcv & reciverClient<0> & reciverClient<1> & 
	reciverClient<2> & !reciverClient<3> & !XLXI_2/state_FSM_FFd5 & 
	XLXI_2/state_FSM_FFd1
	# rcv & reciverClient<0> & reciverClient<1> & 
	!reciverClient<2> & reciverClient<3> & !XLXI_2/state_FSM_FFd5 & 
	XLXI_2/state_FSM_FFd1
	# rcv & reciverClient<0> & !reciverClient<1> & 
	!reciverClient<2> & !reciverClient<3> & !XLXI_2/state_FSM_FFd5 & 
	XLXI_2/state_FSM_FFd1
	# rcv & !reciverClient<0> & !reciverClient<1> & 
	reciverClient<2> & !reciverClient<3> & !XLXI_2/state_FSM_FFd5 & 
	XLXI_2/state_FSM_FFd1
	# rcv & !reciverClient<0> & !reciverClient<1> & 
	!reciverClient<2> & reciverClient<3> & !XLXI_2/state_FSM_FFd5 & 
	XLXI_2/state_FSM_FFd1
;Imported pterms FB1_1
	# rcv & !reciverClient<0> & reciverClient<1> & 
	!reciverClient<2> & !reciverClient<3> & !XLXI_2/state_FSM_FFd5 & 
	XLXI_2/state_FSM_FFd1;
   XLXI_2/state_FSM_FFd2.CLK = XLXN_20;
   XLXI_2/state_FSM_FFd2.AR = reciverClient_3_OBUF/reciverClient_3_OBUF_RSTF;    

XLXI_2/state_FSM_FFd3.D = rcv & XLXI_2/state_FSM_FFd4 & 
	XLXI_2/state_FSM_FFd5 & XLXI_2/state_FSM_FFd2 & XLXI_2/state_FSM_FFd3
	# rcv & !XLXI_2/state_FSM_FFd4 & 
	XLXI_2/state_FSM_FFd5 & !XLXI_2/state_FSM_FFd2 & XLXI_2/state_FSM_FFd3
	# rcv & !XLXI_2/state_FSM_FFd4 & 
	!XLXI_2/state_FSM_FFd5 & XLXI_2/state_FSM_FFd2 & XLXI_2/state_FSM_FFd3
;Imported pterms FB3_17
	# rcv & XLXI_2/state_FSM_FFd4 & 
	!XLXI_2/state_FSM_FFd5 & !XLXI_2/state_FSM_FFd2 & XLXI_2/state_FSM_FFd3
	# !rcv & XLXI_2/state_FSM_FFd4 & 
	XLXI_2/state_FSM_FFd5 & !XLXI_2/state_FSM_FFd2 & XLXI_2/state_FSM_FFd3
	# !rcv & XLXI_2/state_FSM_FFd4 & 
	!XLXI_2/state_FSM_FFd5 & !XLXI_2/state_FSM_FFd2 & !XLXI_2/state_FSM_FFd3
	# !rcv & !XLXI_2/state_FSM_FFd4 & 
	XLXI_2/state_FSM_FFd5 & XLXI_2/state_FSM_FFd2 & XLXI_2/state_FSM_FFd3
	# !rcv & !XLXI_2/state_FSM_FFd4 & 
	!XLXI_2/state_FSM_FFd5 & !XLXI_2/state_FSM_FFd2 & XLXI_2/state_FSM_FFd3;
   XLXI_2/state_FSM_FFd3.CLK = XLXN_20;
   XLXI_2/state_FSM_FFd3.AR = reciverClient_3_OBUF/reciverClient_3_OBUF_RSTF;    

!XLXI_2/state_FSM_FFd4.D = rcv & !XLXI_2/state_FSM_FFd4
	# !XLXI_2/state_FSM_FFd4 & !XLXI_2/state_FSM_FFd5
	# !rcv & XLXI_2/state_FSM_FFd4 & 
	XLXI_2/state_FSM_FFd5 & !XLXI_2/state_FSM_FFd1
;Imported pterms FB3_15
	# !rcv & !XLXI_2/state_FSM_FFd2 & 
	XLXI_2/state_FSM_FFd3 & !XLXI_2/state_FSM_FFd1
	# XLXI_2/state_FSM_FFd5 & XLXI_2/state_FSM_FFd2 & 
	!XLXI_2/state_FSM_FFd3 & !XLXI_2/state_FSM_FFd1
	# XLXI_2/state_FSM_FFd5 & !XLXI_2/state_FSM_FFd2 & 
	XLXI_2/state_FSM_FFd3 & !XLXI_2/state_FSM_FFd1
	# rcv & !XLXI_2/state_FSM_FFd5 & 
	XLXI_2/state_FSM_FFd2 & XLXI_2/state_FSM_FFd3 & !XLXI_2/state_FSM_FFd1
	# rcv & !XLXI_2/state_FSM_FFd5 & 
	!XLXI_2/state_FSM_FFd2 & !XLXI_2/state_FSM_FFd3 & !XLXI_2/state_FSM_FFd1;
   XLXI_2/state_FSM_FFd4.CLK = XLXN_20;
   XLXI_2/state_FSM_FFd4.AR = reciverClient_3_OBUF/reciverClient_3_OBUF_RSTF;    

!XLXI_2/state_FSM_FFd5.D = !rcv & !XLXI_2/state_FSM_FFd5 & 
	!XLXI_2/state_FSM_FFd2 & !XLXI_2/state_FSM_FFd1
	# !rcv & !XLXI_2/state_FSM_FFd5 & 
	XLXI_2/state_FSM_FFd3 & !XLXI_2/state_FSM_FFd1
	# !XLXI_2/state_FSM_FFd4 & XLXI_2/state_FSM_FFd2 & 
	!XLXI_2/state_FSM_FFd3 & !XLXI_2/state_FSM_FFd1
;Imported pterms FB1_6
	# XLXI_2/state_FSM_FFd4 & XLXI_2/state_FSM_FFd5 & 
	XLXI_2/state_FSM_FFd2 & XLXI_2/state_FSM_FFd3 & !XLXI_2/state_FSM_FFd1
	# XLXI_2/state_FSM_FFd4 & XLXI_2/state_FSM_FFd5 & 
	!XLXI_2/state_FSM_FFd2 & !XLXI_2/state_FSM_FFd3 & !XLXI_2/state_FSM_FFd1
	# !XLXI_2/state_FSM_FFd4 & XLXI_2/state_FSM_FFd5 & 
	!XLXI_2/state_FSM_FFd2 & XLXI_2/state_FSM_FFd3 & !XLXI_2/state_FSM_FFd1
	# rcv & reciverClient<0> & reciverClient<1> & 
	reciverClient<2> & reciverClient<3> & !XLXI_2/state_FSM_FFd4 & 
	!XLXI_2/state_FSM_FFd5 & XLXI_2/state_FSM_FFd2 & !XLXI_2/state_FSM_FFd3
	# rcv & !reciverClient<0> & !reciverClient<1> & 
	reciverClient<2> & reciverClient<3> & !XLXI_2/state_FSM_FFd4 & 
	!XLXI_2/state_FSM_FFd5 & XLXI_2/state_FSM_FFd2 & !XLXI_2/state_FSM_FFd3
;Imported pterms FB1_8
	# rcv & reciverClient<0> & reciverClient<1> & 
	!reciverClient<2> & !reciverClient<3> & !XLXI_2/state_FSM_FFd4 & 
	!XLXI_2/state_FSM_FFd5 & XLXI_2/state_FSM_FFd2 & !XLXI_2/state_FSM_FFd3
	# rcv & reciverClient<0> & !reciverClient<1> & 
	reciverClient<2> & !reciverClient<3> & !XLXI_2/state_FSM_FFd4 & 
	!XLXI_2/state_FSM_FFd5 & XLXI_2/state_FSM_FFd2 & !XLXI_2/state_FSM_FFd3
	# rcv & reciverClient<0> & !reciverClient<1> & 
	!reciverClient<2> & reciverClient<3> & !XLXI_2/state_FSM_FFd4 & 
	!XLXI_2/state_FSM_FFd5 & XLXI_2/state_FSM_FFd2 & !XLXI_2/state_FSM_FFd3
	# rcv & !reciverClient<0> & reciverClient<1> & 
	reciverClient<2> & !reciverClient<3> & !XLXI_2/state_FSM_FFd4 & 
	!XLXI_2/state_FSM_FFd5 & XLXI_2/state_FSM_FFd2 & !XLXI_2/state_FSM_FFd3
	# rcv & !reciverClient<0> & reciverClient<1> & 
	!reciverClient<2> & reciverClient<3> & !XLXI_2/state_FSM_FFd4 & 
	!XLXI_2/state_FSM_FFd5 & XLXI_2/state_FSM_FFd2 & !XLXI_2/state_FSM_FFd3
;Imported pterms FB1_9
	# rcv & !reciverClient<0> & !reciverClient<1> & 
	!reciverClient<2> & !reciverClient<3> & !XLXI_2/state_FSM_FFd4 & 
	!XLXI_2/state_FSM_FFd5 & XLXI_2/state_FSM_FFd2 & !XLXI_2/state_FSM_FFd3;
   XLXI_2/state_FSM_FFd5.CLK = XLXN_20;
   XLXI_2/state_FSM_FFd5.AR = reciverClient_3_OBUF/reciverClient_3_OBUF_RSTF;    

XLXI_4/state_FSM_FFd1.T = !XLXI_4/state_FSM_FFd5 & !XLXI_4/state_FSM_FFd3 & 
	XLXI_4/state_FSM_FFd2 & !XLXI_4/state_FSM_FFd1 & !XLXI_4/state_FSM_FFd4;
   XLXI_4/state_FSM_FFd1.CLK = XLXN_20;
   XLXI_4/state_FSM_FFd1.AR = !xmt_OBUF/xmt_OBUF_RSTF__$INT;    

XLXI_4/state_FSM_FFd2.T = !XLXI_4/state_FSM_FFd2 & XLXI_4/state_FSM_FFd1
	# !XLXI_4/state_FSM_FFd5 & XLXI_4/state_FSM_FFd3 & 
	!XLXI_4/state_FSM_FFd2 & !XLXI_4/state_FSM_FFd4;
   XLXI_4/state_FSM_FFd2.CLK = XLXN_20;
   XLXI_4/state_FSM_FFd2.AR = !xmt_OBUF/xmt_OBUF_RSTF__$INT;    

XLXI_4/state_FSM_FFd3.T = !XLXI_4/state_FSM_FFd5 & XLXI_4/state_FSM_FFd3 & 
	XLXI_4/state_FSM_FFd2 & XLXI_4/state_FSM_FFd4
	# !XLXI_4/state_FSM_FFd5 & !XLXI_4/state_FSM_FFd3 & 
	!XLXI_4/state_FSM_FFd2 & XLXI_4/state_FSM_FFd4;
   XLXI_4/state_FSM_FFd3.CLK = XLXN_20;
   XLXI_4/state_FSM_FFd3.AR = !xmt_OBUF/xmt_OBUF_RSTF__$INT;    

!XLXI_4/state_FSM_FFd4.D = !XLXI_4/state_FSM_FFd5 & !XLXI_4/state_FSM_FFd4
	# XLXI_4/state_FSM_FFd5 & !XLXI_4/state_FSM_FFd3 & 
	XLXI_4/state_FSM_FFd2 & !XLXI_4/state_FSM_FFd1
;Imported pterms FB3_12
	# XLXI_4/state_FSM_FFd5 & XLXI_4/state_FSM_FFd3 & 
	!XLXI_4/state_FSM_FFd2 & !XLXI_4/state_FSM_FFd1;
   XLXI_4/state_FSM_FFd4.CLK = XLXN_20;
   XLXI_4/state_FSM_FFd4.AR = !xmt_OBUF/xmt_OBUF_RSTF__$INT;    

!XLXI_4/state_FSM_FFd5.D = XLXI_4/state_FSM_FFd3 & XLXI_4/state_FSM_FFd2 & 
	!XLXI_4/state_FSM_FFd1 & XLXI_4/state_FSM_FFd4
	# !XLXI_4/state_FSM_FFd3 & XLXI_4/state_FSM_FFd2 & 
	!XLXI_4/state_FSM_FFd1 & !XLXI_4/state_FSM_FFd4
	# !XLXI_4/state_FSM_FFd3 & !XLXI_4/state_FSM_FFd2 & 
	!XLXI_4/state_FSM_FFd1 & XLXI_4/state_FSM_FFd4
;Imported pterms FB3_13
	# XLXI_4/state_FSM_FFd3 & !XLXI_4/state_FSM_FFd2 & 
	!XLXI_4/state_FSM_FFd1 & !XLXI_4/state_FSM_FFd4;
   XLXI_4/state_FSM_FFd5.CLK = XLXN_20;
   XLXI_4/state_FSM_FFd5.AR = !xmt_OBUF/xmt_OBUF_RSTF__$INT;    

XLXI_8/count<0>.T = ;Imported pterms FB1_13
	  Vcc;
   XLXI_8/count<0>.CLK = clk;	// GCK
   !XLXI_8/count<0>.AR = rst;	// GSR    

XLXI_8/count<1>.T = XLXI_8/count<0>;
   XLXI_8/count<1>.CLK = clk;	// GCK
   !XLXI_8/count<1>.AR = rst;	// GSR    

XLXI_8/count<2>.T = XLXI_8/count<0> & XLXI_8/count<1>;
   XLXI_8/count<2>.CLK = clk;	// GCK
   !XLXI_8/count<2>.AR = rst;	// GSR    

XLXI_8/count<3>.T = XLXI_8/count<0> & XLXI_8/count<1> & 
	XLXI_8/count<2>;
   XLXI_8/count<3>.CLK = clk;	// GCK
   !XLXI_8/count<3>.AR = rst;	// GSR    

XLXI_8/count<4>.T = XLXI_8/count<0> & XLXI_8/count<1> & 
	XLXI_8/count<2> & XLXI_8/count<3>;
   XLXI_8/count<4>.CLK = clk;	// GCK
   !XLXI_8/count<4>.AR = rst;	// GSR    

XLXI_8/count<5>.T = XLXI_8/count<0> & XLXI_8/count<1> & 
	XLXI_8/count<2> & XLXI_8/count<3> & XLXI_8/count<4>;
   XLXI_8/count<5>.CLK = clk;	// GCK
   !XLXI_8/count<5>.AR = rst;	// GSR    

XLXI_8/count<6>.T = XLXI_8/count<0> & XLXI_8/count<1> & 
	XLXI_8/count<2> & XLXI_8/count<3> & XLXI_8/count<4> & 
	XLXI_8/count<5>;
   XLXI_8/count<6>.CLK = clk;	// GCK
   !XLXI_8/count<6>.AR = rst;	// GSR    

XLXI_8/count<7>.T = XLXI_8/count<0> & XLXI_8/count<1> & 
	XLXI_8/count<2> & XLXI_8/count<3> & XLXI_8/count<4> & 
	XLXI_8/count<5> & XLXI_8/count<6>;
   XLXI_8/count<7>.CLK = clk;	// GCK
   !XLXI_8/count<7>.AR = rst;	// GSR    

XLXN_20.D = XLXI_8/count<0> & XLXI_8/count<1> & 
	XLXI_8/count<2> & XLXI_8/count<3> & XLXI_8/count<4> & 
	XLXI_8/count<5> & XLXI_8/count<6> & XLXI_8/count<7>;
   XLXN_20.CLK = clk;	// GCK
   !XLXN_20.AR = rst;	// GSR    

reciverClient<0>.D = rcv;
   reciverClient<0>.CLK = XLXN_20;
   reciverClient<0>.AR = reciverClient_3_OBUF/reciverClient_3_OBUF_RSTF;
   reciverClient<0>.CE = XLXI_2/state_FSM_FFd4 & !XLXI_2/state_FSM_FFd5 & 
	XLXI_2/state_FSM_FFd2 & !XLXI_2/state_FSM_FFd3;    

reciverClient<1>.D = rcv;
   reciverClient<1>.CLK = XLXN_20;
   reciverClient<1>.AR = reciverClient_3_OBUF/reciverClient_3_OBUF_RSTF;
   reciverClient<1>.CE = XLXI_2/state_FSM_FFd4 & XLXI_2/state_FSM_FFd5 & 
	XLXI_2/state_FSM_FFd2 & !XLXI_2/state_FSM_FFd3 & !XLXI_2/state_FSM_FFd1;    

reciverClient<2>.D = rcv;
   reciverClient<2>.CLK = XLXN_20;
   reciverClient<2>.AR = reciverClient_3_OBUF/reciverClient_3_OBUF_RSTF;
   reciverClient<2>.CE = !XLXI_2/state_FSM_FFd4 & XLXI_2/state_FSM_FFd5 & 
	XLXI_2/state_FSM_FFd2 & !XLXI_2/state_FSM_FFd3 & !XLXI_2/state_FSM_FFd1;    

reciverClient<3>.D = rcv;
   reciverClient<3>.CLK = XLXN_20;
   reciverClient<3>.AR = reciverClient_3_OBUF/reciverClient_3_OBUF_RSTF;
   reciverClient<3>.CE = !XLXI_2/state_FSM_FFd4 & !XLXI_2/state_FSM_FFd5 & 
	XLXI_2/state_FSM_FFd2 & !XLXI_2/state_FSM_FFd3 & !XLXI_2/state_FSM_FFd1;    

reciverClient_3_OBUF/reciverClient_3_OBUF_RSTF = !rst
	# !XLXI_1/state_FSM_FFd1 & !XLXI_1/state_FSM_FFd2;    

senderMsg<0> = key<0>
	$ reciverClient<0>;    

senderMsg<1> = key<1>
	$ reciverClient<1>;    

senderMsg<2> = key<2>
	$ reciverClient<2>;    

senderMsg<3> = key<3>
	$ reciverClient<3>;    

volt = Vcc;    

xmt.D = xmt & XLXI_4/state_FSM_FFd1 & 
	XLXI_4/state_FSM_FFd4
	# XLXI_4/state_FSM_FFd5 & XLXI_4/state_FSM_FFd3 & 
	XLXI_4/state_FSM_FFd2 & XLXI_4/state_FSM_FFd4
	# !XLXI_4/state_FSM_FFd5 & XLXI_4/state_FSM_FFd3 & 
	XLXI_4/state_FSM_FFd2 & !XLXI_4/state_FSM_FFd4
;Imported pterms FB3_7
	# XLXI_4/state_FSM_FFd5 & XLXI_4/state_FSM_FFd3 & 
	!XLXI_4/state_FSM_FFd2 & !XLXI_4/state_FSM_FFd4
	# XLXI_4/state_FSM_FFd5 & !XLXI_4/state_FSM_FFd3 & 
	!XLXI_4/state_FSM_FFd2 & XLXI_4/state_FSM_FFd4
	# !XLXI_4/state_FSM_FFd5 & XLXI_4/state_FSM_FFd3 & 
	!XLXI_4/state_FSM_FFd2 & XLXI_4/state_FSM_FFd4
	# !XLXI_4/state_FSM_FFd5 & !XLXI_4/state_FSM_FFd3 & 
	!XLXI_4/state_FSM_FFd2 & !XLXI_4/state_FSM_FFd4
	# XLXI_4/state_FSM_FFd5 & !XLXI_4/state_FSM_FFd3 & 
	!XLXI_4/state_FSM_FFd1 & XLXI_4/state_FSM_FFd4 & senderMsg<1>
;Imported pterms FB3_6
	# !XLXI_4/state_FSM_FFd5 & XLXI_4/state_FSM_FFd1 & 
	senderMsg<0> & senderMsg<1> & senderMsg<2> & !senderMsg<3>
	# !XLXI_4/state_FSM_FFd5 & XLXI_4/state_FSM_FFd1 & 
	senderMsg<0> & !senderMsg<1> & !senderMsg<2> & !senderMsg<3>
	# !XLXI_4/state_FSM_FFd5 & XLXI_4/state_FSM_FFd1 & 
	!senderMsg<0> & senderMsg<1> & senderMsg<2> & senderMsg<3>
	# !XLXI_4/state_FSM_FFd5 & XLXI_4/state_FSM_FFd1 & 
	!senderMsg<0> & !senderMsg<1> & !senderMsg<2> & senderMsg<3>
;Imported pterms FB3_9
	# !XLXI_4/state_FSM_FFd5 & !XLXI_4/state_FSM_FFd3 & 
	XLXI_4/state_FSM_FFd2 & XLXI_4/state_FSM_FFd4 & senderMsg<0>
	# !XLXI_4/state_FSM_FFd5 & !XLXI_4/state_FSM_FFd3 & 
	!XLXI_4/state_FSM_FFd1 & !XLXI_4/state_FSM_FFd4 & senderMsg<3>
	# XLXI_4/state_FSM_FFd5 & !XLXI_4/state_FSM_FFd3 & 
	XLXI_4/state_FSM_FFd2 & !XLXI_4/state_FSM_FFd1 & !XLXI_4/state_FSM_FFd4 & 
	senderMsg<2>
	# !XLXI_4/state_FSM_FFd5 & XLXI_4/state_FSM_FFd1 & 
	senderMsg<0> & senderMsg<1> & !senderMsg<2> & senderMsg<3>
	# !XLXI_4/state_FSM_FFd5 & XLXI_4/state_FSM_FFd1 & 
	senderMsg<0> & !senderMsg<1> & senderMsg<2> & senderMsg<3>
;Imported pterms FB3_10
	# !XLXI_4/state_FSM_FFd5 & XLXI_4/state_FSM_FFd1 & 
	!senderMsg<0> & senderMsg<1> & !senderMsg<2> & !senderMsg<3>
	# !XLXI_4/state_FSM_FFd5 & XLXI_4/state_FSM_FFd1 & 
	!senderMsg<0> & !senderMsg<1> & senderMsg<2> & !senderMsg<3>;
   xmt.CLK = XLXN_20;
   xmt.AR = !xmt_OBUF/xmt_OBUF_RSTF__$INT;    

xmt_OBUF/xmt_OBUF_RSTF__$INT = !XLXI_1/state_FSM_FFd1 & XLXI_1/state_FSM_FFd2;    

******************************  Device Pin Out *****************************

Device : XC9572XL-5-PC44


   --------------------------------  
  /6  5  4  3  2  1  44 43 42 41 40 \
 | 7                             39 | 
 | 8                             38 | 
 | 9                             37 | 
 | 10                            36 | 
 | 11        XC9572XL-5-PC44     35 | 
 | 12                            34 | 
 | 13                            33 | 
 | 14                            32 | 
 | 15                            31 | 
 | 16                            30 | 
 | 17                            29 | 
 \ 18 19 20 21 22 23 24 25 26 27 28 /
   --------------------------------  


Pin Signal                         Pin Signal                        
No. Name                           No. Name                          
  1 KPR                              23 GND                           
  2 KPR                              24 KPR                           
  3 KPR                              25 KPR                           
  4 KPR                              26 KPR                           
  5 clk                              27 KPR                           
  6 KPR                              28 KPR                           
  7 KPR                              29 KPR                           
  8 KPR                              30 TDO                           
  9 KPR                              31 GND                           
 10 GND                              32 VCC                           
 11 reciverClient<3>                 33 KPR                           
 12 KPR                              34 KPR                           
 13 xmt                              35 reciverClient<2>              
 14 rcv                              36 reciverClient<1>              
 15 TDI                              37 reciverClient<0>              
 16 TMS                              38 senderMsg<3>                  
 17 TCK                              39 rst                           
 18 key<0>                           40 senderMsg<2>                  
 19 key<1>                           41 VCC                           
 20 key<2>                           42 senderMsg<1>                  
 21 VCC                              43 senderMsg<0>                  
 22 key<3>                           44 volt                          


Legend :  NC  = Not Connected, unbonded pin
         PGND = Unused I/O configured as additional Ground pin
         TIE  = Unused I/O floating -- must tie to VCC, GND or other signal
         KPR  = Unused I/O with weak keeper (leave unconnected)
         VCC  = Dedicated Power Pin
         GND  = Dedicated Ground Pin
         TDI  = Test Data In, JTAG pin
         TDO  = Test Data Out, JTAG pin
         TCK  = Test Clock, JTAG pin
         TMS  = Test Mode Select, JTAG pin
  PROHIBITED  = User reserved pin
****************************  Compiler Options  ****************************

Following is a list of all global compiler options used by the fitter run.

Device(s) Specified                         : xc9572xl-5-PC44
Optimization Method                         : SPEED
Multi-Level Logic Optimization              : ON
Ignore Timing Specifications                : OFF
Default Register Power Up Value             : LOW
Keep User Location Constraints              : ON
What-You-See-Is-What-You-Get                : OFF
Exhaustive Fitting                          : OFF
Keep Unused Inputs                          : OFF
Slew Rate                                   : FAST
Power Mode                                  : STD
Ground on Unused IOs                        : OFF
Set I/O Pin Termination                     : KEEPER
Global Clock Optimization                   : ON
Global Set/Reset Optimization               : ON
Global Ouput Enable Optimization            : ON
Input Limit                                 : 54
Pterm Limit                                 : 25
