Release 14.3 - xst P.40xd (nt64)
Copyright (c) 1995-2012 Xilinx, Inc.  All rights reserved.
--> Parameter TMPDIR set to xst/projnav.tmp


Total REAL time to Xst completion: 0.00 secs
Total CPU time to Xst completion: 0.10 secs
 
--> Parameter xsthdpdir set to xst


Total REAL time to Xst completion: 0.00 secs
Total CPU time to Xst completion: 0.10 secs
 
--> Reading design: top.prj

TABLE OF CONTENTS
  1) Synthesis Options Summary
  2) HDL Compilation
  3) Design Hierarchy Analysis
  4) HDL Analysis
  5) HDL Synthesis
     5.1) HDL Synthesis Report
  6) Advanced HDL Synthesis
     6.1) Advanced HDL Synthesis Report
  7) Low Level Synthesis
  8) Partition Report
  9) Final Report

=========================================================================
*                      Synthesis Options Summary                        *
=========================================================================
---- Source Parameters
Input File Name                    : "top.prj"
Input Format                       : mixed
Ignore Synthesis Constraint File   : NO

---- Target Parameters
Output File Name                   : "top"
Output Format                      : NGC
Target Device                      : XC9500XL CPLDs

---- Source Options
Top Module Name                    : top
Automatic FSM Extraction           : YES
FSM Encoding Algorithm             : Gray
Safe Implementation                : No
Mux Extraction                     : Yes
Resource Sharing                   : YES

---- Target Options
Add IO Buffers                     : YES
MACRO Preserve                     : YES
XOR Preserve                       : YES
Equivalent register Removal        : YES

---- General Options
Optimization Goal                  : Area
Optimization Effort                : 1
Keep Hierarchy                     : Yes
Netlist Hierarchy                  : As_Optimized
RTL Output                         : Yes
Hierarchy Separator                : /
Bus Delimiter                      : <>
Case Specifier                     : Maintain
Verilog 2001                       : YES

---- Other Options
Clock Enable                       : YES
wysiwyg                            : NO

=========================================================================

Setting FSM Encoding Algorithm to : Gray


=========================================================================
*                          HDL Compilation                              *
=========================================================================
Compiling vhdl file "C:/workspace/digkon/project/client_cpld1/counter.vhd" in Library work.
Architecture arch of Entity counter is up to date.
Compiling vhdl file "C:/workspace/digkon/project/client_cpld1/crypto.vhd" in Library work.
Architecture behavioral of Entity crypto is up to date.
Compiling vhdl file "C:/workspace/digkon/project/client_cpld1/ctrl.vhd" in Library work.
Architecture behavioral of Entity ctrl is up to date.
Compiling vhdl file "C:/workspace/digkon/project/client_cpld1/receiver.vhd" in Library work.
Architecture behavioral of Entity receiver is up to date.
Compiling vhdl file "C:/workspace/digkon/project/client_cpld1/sender.vhd" in Library work.
Architecture behavioral of Entity sender is up to date.
Compiling verilog file "top.vf" in library work
Module <top> compiled
No errors in compilation
Analysis of file <"top.prj"> succeeded.
 

=========================================================================
*                     Design Hierarchy Analysis                         *
=========================================================================
Analyzing hierarchy for module <top> in library <work>.

Analyzing hierarchy for entity <ctrl> in library <work> (architecture <behavioral>).

Analyzing hierarchy for entity <receiver> in library <work> (architecture <behavioral>).

Analyzing hierarchy for entity <crypto> in library <work> (architecture <behavioral>).

Analyzing hierarchy for entity <sender> in library <work> (architecture <behavioral>).

Analyzing hierarchy for entity <counter> in library <work> (architecture <arch>).


=========================================================================
*                            HDL Analysis                               *
=========================================================================
Analyzing top module <top>.
Module <top> is correct for synthesis.
 
Analyzing Entity <ctrl> in library <work> (Architecture <behavioral>).
Entity <ctrl> analyzed. Unit <ctrl> generated.

Analyzing Entity <receiver> in library <work> (Architecture <behavioral>).
Entity <receiver> analyzed. Unit <receiver> generated.

Analyzing Entity <crypto> in library <work> (Architecture <behavioral>).
Entity <crypto> analyzed. Unit <crypto> generated.

Analyzing Entity <sender> in library <work> (Architecture <behavioral>).
Entity <sender> analyzed. Unit <sender> generated.

Analyzing Entity <counter> in library <work> (Architecture <arch>).
Entity <counter> analyzed. Unit <counter> generated.


=========================================================================
*                           HDL Synthesis                               *
=========================================================================

Performing bidirectional port resolution...

Synthesizing Unit <ctrl>.
    Related source file is "C:/workspace/digkon/project/client_cpld1/ctrl.vhd".
    Found finite state machine <FSM_0> for signal <state>.
    -----------------------------------------------------------------------
    | States             | 4                                              |
    | Transitions        | 31                                             |
    | Inputs             | 3                                              |
    | Outputs            | 5                                              |
    | Clock              | lowClk                    (rising_edge)        |
    | Clock enable       | state$not0000             (positive)           |
    | Reset              | reset                     (positive)           |
    | Reset type         | asynchronous                                   |
    | Reset State        | s0                                             |
    | Power Up State     | s0                                             |
    | Encoding           | gray                                           |
    | Implementation     | automatic                                      |
    -----------------------------------------------------------------------
    Found 3-bit up counter for signal <sendcount>.
    Summary:
	inferred   1 Finite State Machine(s).
	inferred   1 Counter(s).
Unit <ctrl> synthesized.


Synthesizing Unit <receiver>.
    Related source file is "C:/workspace/digkon/project/client_cpld1/receiver.vhd".
    Found finite state machine <FSM_1> for signal <state>.
    -----------------------------------------------------------------------
    | States             | 19                                             |
    | Transitions        | 35                                             |
    | Inputs             | 2                                              |
    | Outputs            | 5                                              |
    | Clock              | lowClk                    (rising_edge)        |
    | Reset              | state$or0000              (positive)           |
    | Reset type         | asynchronous                                   |
    | Reset State        | s0                                             |
    | Power Up State     | s0                                             |
    | Encoding           | gray                                           |
    | Implementation     | automatic                                      |
    -----------------------------------------------------------------------
    Found 4-bit register for signal <data>.
    Found 1-bit xor4 for signal <parity>.
    Summary:
	inferred   1 Finite State Machine(s).
	inferred   4 D-type flip-flop(s).
Unit <receiver> synthesized.


Synthesizing Unit <crypto>.
    Related source file is "C:/workspace/digkon/project/client_cpld1/crypto.vhd".
    Found 4-bit xor2 for signal <enc>.
Unit <crypto> synthesized.


Synthesizing Unit <sender>.
    Related source file is "C:/workspace/digkon/project/client_cpld1/sender.vhd".
    Found finite state machine <FSM_2> for signal <state>.
    -----------------------------------------------------------------------
    | States             | 19                                             |
    | Transitions        | 19                                             |
    | Inputs             | 0                                              |
    | Outputs            | 19                                             |
    | Clock              | lowClk                    (rising_edge)        |
    | Reset              | sendEnable                (negative)           |
    | Reset type         | asynchronous                                   |
    | Reset State        | s0                                             |
    | Power Up State     | s0                                             |
    | Encoding           | gray                                           |
    | Implementation     | automatic                                      |
    -----------------------------------------------------------------------
    Found 1-bit register for signal <transmitter>.
    Found 1-bit xor4 for signal <parity>.
    Summary:
	inferred   1 Finite State Machine(s).
	inferred   1 D-type flip-flop(s).
Unit <sender> synthesized.


Synthesizing Unit <counter>.
    Related source file is "C:/workspace/digkon/project/client_cpld1/counter.vhd".
    Found 1-bit register for signal <done>.
    Found 8-bit up counter for signal <count>.
    Summary:
	inferred   1 Counter(s).
	inferred   1 D-type flip-flop(s).
Unit <counter> synthesized.


Synthesizing Unit <top>.
    Related source file is "top.vf".
Unit <top> synthesized.


=========================================================================
HDL Synthesis Report

Macro Statistics
# Counters                                             : 2
 3-bit up counter                                      : 1
 8-bit up counter                                      : 1
# Registers                                            : 6
 1-bit register                                        : 6
# Xors                                                 : 3
 1-bit xor4                                            : 2
 4-bit xor2                                            : 1

=========================================================================

=========================================================================
*                       Advanced HDL Synthesis                          *
=========================================================================

Optimizing FSM <XLXI_4/state/FSM> on signal <state[1:5]> with gray encoding.
-------------------
 State | Encoding
-------------------
 s0    | 00000
 s1    | 00001
 s2    | 00011
 s3    | 00010
 s4    | 00110
 s5    | 00111
 s6    | 00101
 s7    | 00100
 s8    | 01100
 s9    | 01101
 s10   | 01111
 s11   | 01110
 s12   | 01010
 s13   | 01011
 s14   | 01001
 s15   | 01000
 s16   | 11000
 s17   | 11001
 swait | 11011
-------------------
Optimizing FSM <XLXI_2/state/FSM> on signal <state[1:5]> with gray encoding.
-------------------
 State | Encoding
-------------------
 s0    | 00000
 s1    | 00001
 s2    | 00011
 s3    | 00010
 s4    | 00110
 s5    | 00111
 s6    | 00101
 s7    | 00100
 s8    | 01100
 s9    | 01101
 s10   | 01111
 s11   | 01110
 s12   | 01010
 s13   | 01011
 s14   | 01001
 s15   | 01000
 s16   | 11000
 s17   | 11001
 swait | 11011
-------------------
Optimizing FSM <XLXI_1/state/FSM> on signal <state[1:2]> with gray encoding.
-------------------
 State | Encoding
-------------------
 s0    | 00
 s1    | 10
 s2    | 01
 s3    | 11
-------------------

=========================================================================
Advanced HDL Synthesis Report

Macro Statistics
# FSMs                                                 : 3
# Counters                                             : 2
 3-bit up counter                                      : 1
 8-bit up counter                                      : 1
# Registers                                            : 6
 Flip-Flops                                            : 6
# Xors                                                 : 3
 1-bit xor4                                            : 2
 4-bit xor2                                            : 1

=========================================================================

=========================================================================
*                         Low Level Synthesis                           *
=========================================================================

Optimizing unit <top> ...

Optimizing unit <crypto> ...

Optimizing unit <receiver> ...
  implementation constraint: INIT=r	 : state_FSM_FFd1
  implementation constraint: INIT=r	 : state_FSM_FFd2
  implementation constraint: INIT=r	 : state_FSM_FFd3
  implementation constraint: INIT=r	 : state_FSM_FFd4
  implementation constraint: INIT=r	 : state_FSM_FFd5

Optimizing unit <sender> ...
  implementation constraint: INIT=r	 : state_FSM_FFd5
  implementation constraint: INIT=r	 : state_FSM_FFd1
  implementation constraint: INIT=r	 : state_FSM_FFd2
  implementation constraint: INIT=r	 : state_FSM_FFd3
  implementation constraint: INIT=r	 : state_FSM_FFd4

Optimizing unit <ctrl> ...
  implementation constraint: INIT=r	 : state_FSM_FFd1
  implementation constraint: INIT=r	 : state_FSM_FFd2

Optimizing unit <counter> ...

=========================================================================
*                           Partition Report                            *
=========================================================================

Partition Implementation Status
-------------------------------

  No Partitions were found in this design.

-------------------------------

=========================================================================
*                            Final Report                               *
=========================================================================
Final Results
RTL Top Level Output File Name     : top.ngr
Top Level Output File Name         : top
Output Format                      : NGC
Optimization Goal                  : Area
Keep Hierarchy                     : Yes
Target Technology                  : XC9500XL CPLDs
Macro Preserve                     : YES
XOR Preserve                       : YES
Clock Enable                       : YES
wysiwyg                            : NO

Design Statistics
# IOs                              : 9

Cell Usage :
# BELS                             : 303
#      AND2                        : 104
#      AND3                        : 13
#      AND4                        : 1
#      GND                         : 1
#      INV                         : 101
#      OR2                         : 58
#      OR3                         : 3
#      VCC                         : 1
#      XOR2                        : 21
# FlipFlops/Latches                : 29
#      FDC                         : 20
#      FDCE                        : 9
# IO Buffers                       : 9
#      IBUF                        : 7
#      OBUF                        : 2
=========================================================================


Total REAL time to Xst completion: 5.00 secs
Total CPU time to Xst completion: 5.09 secs
 
--> 

Total memory usage is 246712 kilobytes

Number of errors   :    0 (   0 filtered)
Number of warnings :    0 (   0 filtered)
Number of infos    :    0 (   0 filtered)

