#-----------------------------------------------------------
# PlanAhead v14.2 (64-bit)
# Build 194362 by xbuild on Fri Jul 20 18:52:11 MDT 2012
# Start of session at: Thu Dec 13 14:40:23 2012
# Process ID: 3588
# Log file: Z:/DigKon/project/digkon/project/host_cpld2.1/planAhead_run_2/planAhead.log
# Journal file: Z:/DigKon/project/digkon/project/host_cpld2.1/planAhead_run_2/planAhead.jou
#-----------------------------------------------------------
INFO: [Common 17-78] Attempting to get a license: PlanAhead
INFO: [Common 17-290] Got license for PlanAhead
INFO: [Common 17-86] Your PlanAhead license expires in -12 day(s)
INFO: [Device 21-36] Loading parts and site information from C:/Xilinx/14.2/ISE_DS/PlanAhead/data/parts/arch.xml
Parsing RTL primitives file [C:/Xilinx/14.2/ISE_DS/PlanAhead/data/parts/xilinx/rtl/prims/rtl_prims.xml]
Finished parsing RTL primitives file [C:/Xilinx/14.2/ISE_DS/PlanAhead/data/parts/xilinx/rtl/prims/rtl_prims.xml]
ERROR: [Common 17-132] XML syntax error: No element found (C:/Xilinx/14.2/ISE_DS/PlanAhead/strategies/ISE14.psg:1)
ERROR: [Common 17-132] XML syntax error: No element found (C:/Xilinx/14.2/ISE_DS/PlanAhead/strategies/ISE7.psg:1)
start_gui
source Z:/DigKon/project/digkon/project/host_cpld2.1/pa.fromNetlist.tcl
# create_project -name host_cpld2.1 -dir "Z:/DigKon/project/digkon/project/host_cpld2.1/planAhead_run_2" -part xc7a100tcsg324-3
ERROR: [Common 17-70] Application Exception: Can't apply null strategy to run
exit
INFO: [Common 17-206] Exiting PlanAhead...
INFO: [Common 17-83] Releasing license: PlanAhead
