Release 14.3 - xst P.40xd (nt64)
Copyright (c) 1995-2012 Xilinx, Inc.  All rights reserved.
--> Parameter TMPDIR set to xst/projnav.tmp


Total REAL time to Xst completion: 0.00 secs
Total CPU time to Xst completion: 0.09 secs
 
--> Parameter xsthdpdir set to xst


Total REAL time to Xst completion: 0.00 secs
Total CPU time to Xst completion: 0.10 secs
 
--> Reading design: checker.prj

TABLE OF CONTENTS
  1) Synthesis Options Summary
  2) HDL Compilation
  3) Design Hierarchy Analysis
  4) HDL Analysis
  5) HDL Synthesis
     5.1) HDL Synthesis Report
  6) Advanced HDL Synthesis
     6.1) Advanced HDL Synthesis Report
  7) Low Level Synthesis
  8) Partition Report
  9) Final Report

=========================================================================
*                      Synthesis Options Summary                        *
=========================================================================
---- Source Parameters
Input File Name                    : "checker.prj"
Input Format                       : mixed
Ignore Synthesis Constraint File   : NO

---- Target Parameters
Output File Name                   : "checker"
Output Format                      : NGC
Target Device                      : XC9500XL CPLDs

---- Source Options
Top Module Name                    : checker
Automatic FSM Extraction           : YES
FSM Encoding Algorithm             : Auto
Safe Implementation                : No
Mux Extraction                     : Yes
Resource Sharing                   : YES

---- Target Options
Add IO Buffers                     : YES
MACRO Preserve                     : YES
XOR Preserve                       : YES
Equivalent register Removal        : YES

---- General Options
Optimization Goal                  : Speed
Optimization Effort                : 1
Keep Hierarchy                     : Yes
Netlist Hierarchy                  : As_Optimized
RTL Output                         : Yes
Hierarchy Separator                : /
Bus Delimiter                      : <>
Case Specifier                     : Maintain
Verilog 2001                       : YES

---- Other Options
Clock Enable                       : YES
wysiwyg                            : NO

=========================================================================


=========================================================================
*                          HDL Compilation                              *
=========================================================================
Compiling vhdl file "C:/workspace/digkon/project/host_cpld2/crypto.vhd" in Library work.
Architecture behavioral of Entity crypto is up to date.
Compiling vhdl file "C:/workspace/digkon/project/host_cpld2/keylookup.vhd" in Library work.
Architecture behavioral of Entity keylookup is up to date.
Compiling verilog file "equals.vf" in library work
Compiling verilog file "checker.vf" in library work
Module <equals> compiled
Module <equals_MUSER_checker> compiled
Module <checker> compiled
No errors in compilation
Analysis of file <"checker.prj"> succeeded.
 

=========================================================================
*                     Design Hierarchy Analysis                         *
=========================================================================
Analyzing hierarchy for module <checker> in library <work>.

Analyzing hierarchy for entity <keylookup> in library <work> (architecture <behavioral>).

Analyzing hierarchy for entity <crypto> in library <work> (architecture <behavioral>).

Analyzing hierarchy for module <equals_MUSER_checker> in library <work>.


=========================================================================
*                            HDL Analysis                               *
=========================================================================
Analyzing top module <checker>.
Module <checker> is correct for synthesis.
 
Analyzing Entity <keylookup> in library <work> (Architecture <behavioral>).
Entity <keylookup> analyzed. Unit <keylookup> generated.

Analyzing Entity <crypto> in library <work> (Architecture <behavioral>).
Entity <crypto> analyzed. Unit <crypto> generated.

Analyzing module <equals_MUSER_checker> in library <work>.
Module <equals_MUSER_checker> is correct for synthesis.
 

=========================================================================
*                           HDL Synthesis                               *
=========================================================================

Performing bidirectional port resolution...

Synthesizing Unit <keylookup>.
    Related source file is "C:/workspace/digkon/project/host_cpld2/keylookup.vhd".
    Found 1-bit register for signal <state<0>>.
    Summary:
	inferred   1 D-type flip-flop(s).
Unit <keylookup> synthesized.


Synthesizing Unit <crypto>.
    Related source file is "C:/workspace/digkon/project/host_cpld2/crypto.vhd".
    Found 4-bit xor2 for signal <enc>.
Unit <crypto> synthesized.


Synthesizing Unit <equals_MUSER_checker>.
    Related source file is "checker.vf".
Unit <equals_MUSER_checker> synthesized.


Synthesizing Unit <checker>.
    Related source file is "checker.vf".
Unit <checker> synthesized.


=========================================================================
HDL Synthesis Report

Macro Statistics
# Registers                                            : 1
 1-bit register                                        : 1
# Xors                                                 : 1
 4-bit xor2                                            : 1

=========================================================================

=========================================================================
*                       Advanced HDL Synthesis                          *
=========================================================================


=========================================================================
Advanced HDL Synthesis Report

Macro Statistics
# Registers                                            : 1
 Flip-Flops                                            : 1
# Xors                                                 : 1
 4-bit xor2                                            : 1

=========================================================================

=========================================================================
*                         Low Level Synthesis                           *
=========================================================================

Optimizing unit <checker> ...

Optimizing unit <keylookup> ...
  implementation constraint: INIT=r	 : state_0

Optimizing unit <crypto> ...

Optimizing unit <equals_MUSER_checker> ...

=========================================================================
*                           Partition Report                            *
=========================================================================

Partition Implementation Status
-------------------------------

  No Partitions were found in this design.

-------------------------------

=========================================================================
*                            Final Report                               *
=========================================================================
Final Results
RTL Top Level Output File Name     : checker.ngr
Top Level Output File Name         : checker
Output Format                      : NGC
Optimization Goal                  : Speed
Keep Hierarchy                     : Yes
Target Technology                  : XC9500XL CPLDs
Macro Preserve                     : YES
XOR Preserve                       : YES
Clock Enable                       : YES
wysiwyg                            : NO

Design Statistics
# IOs                              : 12

Cell Usage :
# BELS                             : 22
#      AND2                        : 3
#      AND4                        : 1
#      INV                         : 8
#      OR2                         : 6
#      XNOR2                       : 4
# FlipFlops/Latches                : 1
#      FDC                         : 1
# IO Buffers                       : 12
#      IBUF                        : 10
#      OBUF                        : 2
=========================================================================


Total REAL time to Xst completion: 7.00 secs
Total CPU time to Xst completion: 6.75 secs
 
--> 

Total memory usage is 245140 kilobytes

Number of errors   :    0 (   0 filtered)
Number of warnings :    0 (   0 filtered)
Number of infos    :    0 (   0 filtered)

