Release 14.3 - xst P.40xd (nt64)
Copyright (c) 1995-2012 Xilinx, Inc.  All rights reserved.
--> Parameter TMPDIR set to xst/projnav.tmp


Total REAL time to Xst completion: 0.00 secs
Total CPU time to Xst completion: 0.10 secs
 
--> Parameter xsthdpdir set to xst


Total REAL time to Xst completion: 0.00 secs
Total CPU time to Xst completion: 0.10 secs
 
--> Reading design: top.prj

TABLE OF CONTENTS
  1) Synthesis Options Summary
  2) HDL Compilation
  3) Design Hierarchy Analysis
  4) HDL Analysis
  5) HDL Synthesis
     5.1) HDL Synthesis Report
  6) Advanced HDL Synthesis
     6.1) Advanced HDL Synthesis Report
  7) Low Level Synthesis
  8) Partition Report
  9) Final Report

=========================================================================
*                      Synthesis Options Summary                        *
=========================================================================
---- Source Parameters
Input File Name                    : "top.prj"
Input Format                       : mixed
Ignore Synthesis Constraint File   : NO

---- Target Parameters
Output File Name                   : "top"
Output Format                      : NGC
Target Device                      : XC9500XL CPLDs

---- Source Options
Top Module Name                    : top
Automatic FSM Extraction           : YES
FSM Encoding Algorithm             : Compact
Safe Implementation                : No
Mux Extraction                     : Yes
Resource Sharing                   : YES

---- Target Options
Add IO Buffers                     : YES
MACRO Preserve                     : YES
XOR Preserve                       : YES
Equivalent register Removal        : YES

---- General Options
Optimization Goal                  : Speed
Optimization Effort                : 1
Keep Hierarchy                     : Yes
Netlist Hierarchy                  : As_Optimized
RTL Output                         : Yes
Hierarchy Separator                : /
Bus Delimiter                      : <>
Case Specifier                     : Maintain
Verilog 2001                       : YES

---- Other Options
Clock Enable                       : YES
wysiwyg                            : NO

=========================================================================

Setting FSM Encoding Algorithm to : OPT


=========================================================================
*                          HDL Compilation                              *
=========================================================================
Compiling vhdl file "C:/workspace/digkon/project/host_cpld2/ctrl.vhd" in Library work.
Architecture behavioral of Entity ctrl is up to date.
Compiling vhdl file "C:/workspace/digkon/project/host_cpld2/receiver.vhd" in Library work.
Entity <receiver> compiled.
Entity <receiver> (Architecture <behavioral>) compiled.
Compiling vhdl file "C:/workspace/digkon/project/host_cpld2/timer.vhd" in Library work.
Architecture behavioral of Entity timer is up to date.
Compiling vhdl file "C:/workspace/digkon/project/host_cpld2/crypto.vhd" in Library work.
Architecture behavioral of Entity crypto is up to date.
Compiling vhdl file "C:/workspace/digkon/project/host_cpld2/keylookup.vhd" in Library work.
Architecture behavioral of Entity keylookup is up to date.
Compiling verilog file "equals.vf" in library work
Compiling verilog file "checker.vf" in library work
Module <equals> compiled
Module <equals_MUSER_checker> compiled
Compiling verilog file "top.vf" in library work
Module <checker> compiled
Module <equals_MUSER_top> compiled
Module <checker_MUSER_top> compiled
Module <top> compiled
No errors in compilation
Analysis of file <"top.prj"> succeeded.
 

=========================================================================
*                     Design Hierarchy Analysis                         *
=========================================================================
Analyzing hierarchy for module <top> in library <work>.

Analyzing hierarchy for entity <ctrl> in library <work> (architecture <behavioral>).

Analyzing hierarchy for module <checker_MUSER_top> in library <work>.

Analyzing hierarchy for entity <timer> in library <work> (architecture <behavioral>).

Analyzing hierarchy for entity <receiver> in library <work> (architecture <behavioral>).

Analyzing hierarchy for entity <keylookup> in library <work> (architecture <behavioral>).

Analyzing hierarchy for entity <crypto> in library <work> (architecture <behavioral>).

Analyzing hierarchy for module <equals_MUSER_top> in library <work>.


=========================================================================
*                            HDL Analysis                               *
=========================================================================
Analyzing top module <top>.
Module <top> is correct for synthesis.
 
Analyzing Entity <ctrl> in library <work> (Architecture <behavioral>).
Entity <ctrl> analyzed. Unit <ctrl> generated.

Analyzing module <checker_MUSER_top> in library <work>.
Module <checker_MUSER_top> is correct for synthesis.
 
Analyzing Entity <keylookup> in library <work> (Architecture <behavioral>).
Entity <keylookup> analyzed. Unit <keylookup> generated.

Analyzing Entity <crypto> in library <work> (Architecture <behavioral>).
Entity <crypto> analyzed. Unit <crypto> generated.

Analyzing module <equals_MUSER_top> in library <work>.
Module <equals_MUSER_top> is correct for synthesis.
 
Analyzing Entity <timer> in library <work> (Architecture <behavioral>).
Entity <timer> analyzed. Unit <timer> generated.

Analyzing Entity <receiver> in library <work> (Architecture <behavioral>).
Entity <receiver> analyzed. Unit <receiver> generated.


=========================================================================
*                           HDL Synthesis                               *
=========================================================================

Performing bidirectional port resolution...

Synthesizing Unit <ctrl>.
    Related source file is "C:/workspace/digkon/project/host_cpld2/ctrl.vhd".
    Found finite state machine <FSM_0> for signal <state>.
    -----------------------------------------------------------------------
    | States             | 5                                              |
    | Transitions        | 12                                             |
    | Inputs             | 7                                              |
    | Outputs            | 8                                              |
    | Clock              | clk                       (rising_edge)        |
    | Reset              | reset                     (positive)           |
    | Reset type         | asynchronous                                   |
    | Reset State        | s0                                             |
    | Power Up State     | s0                                             |
    | Encoding           | compact                                        |
    | Implementation     | automatic                                      |
    -----------------------------------------------------------------------
WARNING:Xst:737 - Found 3-bit latch for signal <sttOut>. Latches may be generated from incomplete case or if statements. We do not recommend the use of latches in FPGA/CPLD designs, as they may lead to timing problems.
INFO:Xst:2371 - HDL ADVISOR - Logic functions respectively driving the data and gate enable inputs of this latch share common terms. This situation will potentially lead to setup/hold violations and, as a result, to simulation problems. This situation may come from an incomplete case statement (all selector values are not covered). You should carefully review if it was in your intentions to describe such a latch.
    Found 1-bit register for signal <alarm>.
    Found 2-bit register for signal <count>.
    Found 2-bit adder for signal <count$addsub0000> created at line 68.
    Found 1-bit register for signal <nextSig>.
    Summary:
	inferred   1 Finite State Machine(s).
	inferred   2 D-type flip-flop(s).
	inferred   1 Adder/Subtractor(s).
Unit <ctrl> synthesized.


Synthesizing Unit <timer>.
    Related source file is "C:/workspace/digkon/project/host_cpld2/timer.vhd".
    Found 6-bit up counter for signal <timer>.
    Summary:
	inferred   1 Counter(s).
Unit <timer> synthesized.


Synthesizing Unit <receiver>.
    Related source file is "C:/workspace/digkon/project/host_cpld2/receiver.vhd".
    Found finite state machine <FSM_1> for signal <state>.
    -----------------------------------------------------------------------
    | States             | 18                                             |
    | Transitions        | 31                                             |
    | Inputs             | 1                                              |
    | Outputs            | 4                                              |
    | Clock              | lowClk                    (rising_edge)        |
    | Reset              | state$or0000              (positive)           |
    | Reset type         | asynchronous                                   |
    | Reset State        | s0                                             |
    | Power Up State     | s0                                             |
    | Encoding           | compact                                        |
    | Implementation     | automatic                                      |
    -----------------------------------------------------------------------
    Found 4-bit register for signal <data>.
    Summary:
	inferred   1 Finite State Machine(s).
	inferred   4 D-type flip-flop(s).
Unit <receiver> synthesized.


Synthesizing Unit <keylookup>.
    Related source file is "C:/workspace/digkon/project/host_cpld2/keylookup.vhd".
    Found 1-bit register for signal <state<0>>.
    Summary:
	inferred   1 D-type flip-flop(s).
Unit <keylookup> synthesized.


Synthesizing Unit <crypto>.
    Related source file is "C:/workspace/digkon/project/host_cpld2/crypto.vhd".
    Found 4-bit xor2 for signal <enc>.
Unit <crypto> synthesized.


Synthesizing Unit <equals_MUSER_top>.
    Related source file is "top.vf".
Unit <equals_MUSER_top> synthesized.


Synthesizing Unit <checker_MUSER_top>.
    Related source file is "top.vf".
Unit <checker_MUSER_top> synthesized.


Synthesizing Unit <top>.
    Related source file is "top.vf".
Unit <top> synthesized.


=========================================================================
HDL Synthesis Report

Macro Statistics
# Adders/Subtractors                                   : 1
 2-bit adder                                           : 1
# Counters                                             : 1
 6-bit up counter                                      : 1
# Registers                                            : 8
 1-bit register                                        : 7
 2-bit register                                        : 1
# Latches                                              : 1
 3-bit latch                                           : 1
# Xors                                                 : 1
 4-bit xor2                                            : 1

=========================================================================

=========================================================================
*                       Advanced HDL Synthesis                          *
=========================================================================

Optimizing FSM <XLXI_12/state/FSM> on signal <state[1:5]> with compact encoding.
-------------------
 State | Encoding
-------------------
 s0    | 00000
 s1    | 00010
 s2    | 00100
 s3    | 00001
 s4    | 01000
 s5    | 00011
 s6    | 01100
 s7    | 10001
 s8    | 10100
 s9    | 10010
 s10   | 11000
 s11   | 10011
 s12   | 11100
 s13   | 01001
 s14   | 11001
 s15   | 01011
 s16   | 01010
 s17   | 11010
-------------------
Optimizing FSM <XLXI_1/state/FSM> on signal <state[1:3]> with compact encoding.
-------------------
 State | Encoding
-------------------
 s0    | 000
 s1    | 100
 s2    | 010
 s3    | 110
 s4    | 011
-------------------

=========================================================================
Advanced HDL Synthesis Report

Macro Statistics
# FSMs                                                 : 2
# Adders/Subtractors                                   : 1
 2-bit adder                                           : 1
# Counters                                             : 1
 6-bit up counter                                      : 1
# Registers                                            : 7
 Flip-Flops                                            : 7
# Latches                                              : 1
 3-bit latch                                           : 1
# Xors                                                 : 1
 4-bit xor2                                            : 1

=========================================================================

=========================================================================
*                         Low Level Synthesis                           *
=========================================================================

Optimizing unit <top> ...

Optimizing unit <receiver> ...
  implementation constraint: INIT=r	 : state_FSM_FFd1
  implementation constraint: INIT=r	 : state_FSM_FFd2
  implementation constraint: INIT=r	 : state_FSM_FFd3
  implementation constraint: INIT=r	 : state_FSM_FFd4
  implementation constraint: INIT=r	 : state_FSM_FFd5

Optimizing unit <keylookup> ...
  implementation constraint: INIT=r	 : state_0

Optimizing unit <crypto> ...

Optimizing unit <equals_MUSER_top> ...

Optimizing unit <ctrl> ...
  implementation constraint: INIT=r	 : state_FSM_FFd1
  implementation constraint: INIT=r	 : state_FSM_FFd2
  implementation constraint: INIT=r	 : state_FSM_FFd3
WARNING:Xst:1294 - Latch <sttOut_0> is equivalent to a wire in block <ctrl>.
WARNING:Xst:1294 - Latch <sttOut_1> is equivalent to a wire in block <ctrl>.
WARNING:Xst:1294 - Latch <sttOut_2> is equivalent to a wire in block <ctrl>.

Optimizing unit <checker_MUSER_top> ...

Optimizing unit <timer> ...

=========================================================================
*                           Partition Report                            *
=========================================================================

Partition Implementation Status
-------------------------------

  No Partitions were found in this design.

-------------------------------

=========================================================================
*                            Final Report                               *
=========================================================================
Final Results
RTL Top Level Output File Name     : top.ngr
Top Level Output File Name         : top
Output Format                      : NGC
Optimization Goal                  : Speed
Keep Hierarchy                     : Yes
Target Technology                  : XC9500XL CPLDs
Macro Preserve                     : YES
XOR Preserve                       : YES
Clock Enable                       : YES
wysiwyg                            : NO

Design Statistics
# IOs                              : 16

Cell Usage :
# BELS                             : 204
#      AND2                        : 57
#      AND3                        : 14
#      AND4                        : 5
#      AND6                        : 1
#      GND                         : 1
#      INV                         : 73
#      OR2                         : 35
#      OR3                         : 6
#      OR4                         : 1
#      VCC                         : 1
#      XNOR2                       : 4
#      XOR2                        : 6
# FlipFlops/Latches                : 23
#      FDC                         : 15
#      FDCE                        : 8
# IO Buffers                       : 16
#      IBUF                        : 10
#      OBUF                        : 6
=========================================================================


Total REAL time to Xst completion: 65.00 secs
Total CPU time to Xst completion: 64.99 secs
 
--> 

Total memory usage is 281300 kilobytes

Number of errors   :    0 (   0 filtered)
Number of warnings :    4 (   0 filtered)
Number of infos    :    1 (   0 filtered)

