Release 14.3 - xst P.40xd (nt)
Copyright (c) 1995-2012 Xilinx, Inc.  All rights reserved.
--> Parameter TMPDIR set to xst/projnav.tmp


Total REAL time to Xst completion: 0.00 secs
Total CPU time to Xst completion: 0.17 secs
 
--> Parameter xsthdpdir set to xst


Total REAL time to Xst completion: 0.00 secs
Total CPU time to Xst completion: 0.17 secs
 
--> Reading design: top.prj

TABLE OF CONTENTS
  1) Synthesis Options Summary
  2) HDL Compilation
  3) Design Hierarchy Analysis
  4) HDL Analysis
  5) HDL Synthesis
     5.1) HDL Synthesis Report
  6) Advanced HDL Synthesis
     6.1) Advanced HDL Synthesis Report
  7) Low Level Synthesis
  8) Partition Report
  9) Final Report

=========================================================================
*                      Synthesis Options Summary                        *
=========================================================================
---- Source Parameters
Input File Name                    : "top.prj"
Input Format                       : mixed
Ignore Synthesis Constraint File   : NO

---- Target Parameters
Output File Name                   : "top"
Output Format                      : NGC
Target Device                      : XC9500XL CPLDs

---- Source Options
Top Module Name                    : top
Automatic FSM Extraction           : YES
FSM Encoding Algorithm             : Auto
Safe Implementation                : No
Mux Extraction                     : Yes
Resource Sharing                   : YES

---- Target Options
Add IO Buffers                     : YES
MACRO Preserve                     : YES
XOR Preserve                       : YES
Equivalent register Removal        : YES

---- General Options
Optimization Goal                  : Speed
Optimization Effort                : 1
Keep Hierarchy                     : Yes
Netlist Hierarchy                  : As_Optimized
RTL Output                         : Yes
Hierarchy Separator                : /
Bus Delimiter                      : <>
Case Specifier                     : Maintain
Verilog 2001                       : YES

---- Other Options
Clock Enable                       : YES
wysiwyg                            : NO

=========================================================================


=========================================================================
*                          HDL Compilation                              *
=========================================================================
Compiling vhdl file "//vboxsvr/wd/digkon/lab3/vhdl/lev2puls.vhd" in Library work.
Architecture behavioral of Entity lev2puls is up to date.
Compiling vhdl file "//vboxsvr/wd/digkon/lab3/top.vhf" in Library work.
Entity <top> compiled.
Entity <top> (Architecture <behavioral>) compiled.

=========================================================================
*                     Design Hierarchy Analysis                         *
=========================================================================
Analyzing hierarchy for entity <top> in library <work> (architecture <behavioral>).

Analyzing hierarchy for entity <lev2puls> in library <work> (architecture <behavioral>).


=========================================================================
*                            HDL Analysis                               *
=========================================================================
Analyzing Entity <top> in library <work> (Architecture <behavioral>).
Entity <top> analyzed. Unit <top> generated.

Analyzing Entity <lev2puls> in library <work> (Architecture <behavioral>).
Entity <lev2puls> analyzed. Unit <lev2puls> generated.


=========================================================================
*                           HDL Synthesis                               *
=========================================================================

Performing bidirectional port resolution...

Synthesizing Unit <lev2puls>.
    Related source file is "//vboxsvr/wd/digkon/lab3/vhdl/lev2puls.vhd".
    Found finite state machine <FSM_0> for signal <state>.
    -----------------------------------------------------------------------
    | States             | 3                                              |
    | Transitions        | 5                                              |
    | Inputs             | 1                                              |
    | Outputs            | 3                                              |
    | Clock              | clk                       (rising_edge)        |
    | Reset              | reset                     (positive)           |
    | Reset type         | asynchronous                                   |
    | Reset State        | s0                                             |
    | Power Up State     | s0                                             |
    | Encoding           | automatic                                      |
    | Implementation     | automatic                                      |
    -----------------------------------------------------------------------
    Found 1-bit register for signal <pulson>.
    Summary:
	inferred   1 Finite State Machine(s).
	inferred   1 D-type flip-flop(s).
Unit <lev2puls> synthesized.


Synthesizing Unit <top>.
    Related source file is "//vboxsvr/wd/digkon/lab3/top.vhf".
Unit <top> synthesized.


=========================================================================
HDL Synthesis Report

Macro Statistics
# Registers                                            : 1
 1-bit register                                        : 1

=========================================================================

=========================================================================
*                       Advanced HDL Synthesis                          *
=========================================================================

Analyzing FSM <FSM_0> for best encoding.
Optimizing FSM <XLXI_4/state/FSM> on signal <state[1:2]> with user encoding.
-------------------
 State | Encoding
-------------------
 s0    | 00
 s1    | 01
 s2    | 10
-------------------

=========================================================================
Advanced HDL Synthesis Report

Macro Statistics
# FSMs                                                 : 1
# Registers                                            : 1
 Flip-Flops                                            : 1

=========================================================================

=========================================================================
*                         Low Level Synthesis                           *
=========================================================================

Optimizing unit <top> ...

Optimizing unit <lev2puls> ...
  implementation constraint: INIT=r	 : state_FSM_FFd1
  implementation constraint: INIT=r	 : state_FSM_FFd2

=========================================================================
*                           Partition Report                            *
=========================================================================

Partition Implementation Status
-------------------------------

  No Partitions were found in this design.

-------------------------------

=========================================================================
*                            Final Report                               *
=========================================================================
Final Results
RTL Top Level Output File Name     : top.ngr
Top Level Output File Name         : top
Output Format                      : NGC
Optimization Goal                  : Speed
Keep Hierarchy                     : Yes
Target Technology                  : XC9500XL CPLDs
Macro Preserve                     : YES
XOR Preserve                       : YES
Clock Enable                       : YES
wysiwyg                            : NO

Design Statistics
# IOs                              : 4

Cell Usage :
# BELS                             : 10
#      AND2                        : 2
#      AND3                        : 2
#      INV                         : 4
#      OR2                         : 2
# FlipFlops/Latches                : 3
#      FDC                         : 3
# IO Buffers                       : 4
#      IBUF                        : 3
#      OBUF                        : 1
=========================================================================


Total REAL time to Xst completion: 5.00 secs
Total CPU time to Xst completion: 4.79 secs
 
--> 

Total memory usage is 149868 kilobytes

Number of errors   :    0 (   0 filtered)
Number of warnings :    0 (   0 filtered)
Number of infos    :    0 (   0 filtered)

