Release 14.2 - xst P.28xd (nt64)
Copyright (c) 1995-2012 Xilinx, Inc.  All rights reserved.
--> Parameter TMPDIR set to xst/projnav.tmp


Total REAL time to Xst completion: 0.00 secs
Total CPU time to Xst completion: 0.20 secs
 
--> Parameter xsthdpdir set to xst


Total REAL time to Xst completion: 0.00 secs
Total CPU time to Xst completion: 0.20 secs
 
--> Reading design: vhdltop.prj

TABLE OF CONTENTS
  1) Synthesis Options Summary
  2) HDL Compilation
  3) Design Hierarchy Analysis
  4) HDL Analysis
  5) HDL Synthesis
     5.1) HDL Synthesis Report
  6) Advanced HDL Synthesis
     6.1) Advanced HDL Synthesis Report
  7) Low Level Synthesis
  8) Partition Report
  9) Final Report

=========================================================================
*                      Synthesis Options Summary                        *
=========================================================================
---- Source Parameters
Input File Name                    : "vhdltop.prj"
Input Format                       : mixed
Ignore Synthesis Constraint File   : NO

---- Target Parameters
Output File Name                   : "vhdltop"
Output Format                      : NGC
Target Device                      : XC9500XL CPLDs

---- Source Options
Top Module Name                    : vhdltop
Automatic FSM Extraction           : YES
FSM Encoding Algorithm             : Auto
Safe Implementation                : No
Mux Extraction                     : Yes
Resource Sharing                   : YES

---- Target Options
Add IO Buffers                     : YES
MACRO Preserve                     : YES
XOR Preserve                       : YES
Equivalent register Removal        : YES

---- General Options
Optimization Goal                  : Speed
Optimization Effort                : 1
Keep Hierarchy                     : Yes
Netlist Hierarchy                  : As_Optimized
RTL Output                         : Yes
Hierarchy Separator                : /
Bus Delimiter                      : <>
Case Specifier                     : Maintain
Verilog 2001                       : YES

---- Other Options
Clock Enable                       : YES
wysiwyg                            : NO

=========================================================================


=========================================================================
*                          HDL Compilation                              *
=========================================================================
WARNING:HDLParsers:3607 - Unit work/sync/BEHAVIORAL is now defined in a different file.  It was defined in "C:/Temp/wmax/digkon/lab3/vhdl/sync.vhd", and is now defined in "C:/Temp/wmax/digkon/lab3/sync.vhf".
WARNING:HDLParsers:3607 - Unit work/sync is now defined in a different file.  It was defined in "C:/Temp/wmax/digkon/lab3/sync.vhf", and is now defined in "C:/Temp/wmax/digkon/lab3/vhdl/sync.vhd".
WARNING:HDLParsers:3607 - Unit work/sync/Behavioral is now defined in a different file.  It was defined in "C:/Temp/wmax/digkon/lab3/sync.vhf", and is now defined in "C:/Temp/wmax/digkon/lab3/vhdl/sync.vhd".
Compiling vhdl file "C:/Temp/wmax/digkon/lab3/vhdl/decoder38e.vhd" in Library work.
Architecture behavior of Entity decoder38e is up to date.
Compiling vhdl file "C:/Temp/wmax/digkon/lab3/vhdl/sync.vhd" in Library work.
Architecture behavioral of Entity sync is up to date.
Compiling vhdl file "C:/Temp/wmax/digkon/lab3/vhdl/lev2puls.vhd" in Library work.
Architecture behavioral of Entity lev2puls is up to date.
Compiling vhdl file "C:/Temp/wmax/digkon/lab3/vhdl/puls2lev.vhd" in Library work.
Architecture behavioral of Entity puls2lev is up to date.
Compiling vhdl file "C:/Temp/wmax/digkon/lab3/top.vhf" in Library work.
Architecture behavioral of Entity top is up to date.
Compiling vhdl file "C:/Temp/wmax/digkon/lab3/sync.vhf" in Library work.
Architecture behavioral of Entity fd_mxilinx_sync is up to date.
Architecture behavioral of Entity sync is up to date.
Compiling vhdl file "C:/Temp/wmax/digkon/lab3/vhdl/vhdltop.vhd" in Library work.
Entity <vhdltop> compiled.
Entity <vhdltop> (Architecture <behavioral>) compiled.

=========================================================================
*                     Design Hierarchy Analysis                         *
=========================================================================
Analyzing hierarchy for entity <vhdltop> in library <work> (architecture <behavioral>).
"C:/Temp/wmax/digkon/lab3/vhdl/vhdltop.vhd" line 52: In entity <vhdltop>
ERROR:Xst:2585 - Port <input> of instance <x1> does not exist in definition <sync>. Please compare the definition of block <sync> to its component declaration to detect the mismatch.
ERROR:Xst:2585 - Port <reset> of instance <x1> does not exist in definition <sync>. Please compare the definition of block <sync> to its component declaration to detect the mismatch.
ERROR:Xst:2585 - Port <sync> of instance <x1> does not exist in definition <sync>. Please compare the definition of block <sync> to its component declaration to detect the mismatch.
--> 

Total memory usage is 246192 kilobytes

Number of errors   :    3 (   0 filtered)
Number of warnings :    3 (   0 filtered)
Number of infos    :    0 (   0 filtered)

