 
cpldfit:  version P.28xd                            Xilinx Inc.
                                  Fitter Report
Design Name: send                                Date: 11-30-2012,  3:08PM
Device Used: XC9572XL-5-PC44
Fitting Status: Successful

*************************  Mapped Resource Summary  **************************

Macrocells     Product Terms    Function Block   Registers      Pins           
Used/Tot       Used/Tot         Inps Used/Tot    Used/Tot       Used/Tot       
50 /72  ( 69%) 139 /360  ( 39%) 63 /216 ( 29%)   32 /72  ( 44%) 12 /34  ( 35%)

** Function Block Resources **

Function    Mcells      FB Inps     Pterms      IO          
Block       Used/Tot    Used/Tot    Used/Tot    Used/Tot    
FB1          15/18       17/54       75/90       6/ 9
FB2          12/18       15/54       29/90       1/ 9
FB3          15/18       15/54       19/90       5/ 9
FB4           8/18       16/54       16/90       0/ 7
             -----       -----       -----      -----    
             50/72       63/216     139/360     12/34 

* - Resource is exhausted

** Global Control Resources **

Signal 'clk' mapped onto global clock net GCK1.
Global output enable net(s) unused.
Signal 'reset' mapped onto global set/reset net GSR.

** Pin Resources **

Signal Type    Required     Mapped  |  Pin Type            Used    Total 
------------------------------------|------------------------------------
Input         :    5           5    |  I/O              :     9      28
Output        :    5           5    |  GCK/IO           :     2       3
Bidirectional :    0           0    |  GTS/IO           :     0       2
GCK           :    1           1    |  GSR/IO           :     1       1
GTS           :    0           0    |
GSR           :    1           1    |
                 ----        ----
        Total     12          12

** Power Data **

There are 50 macrocells in high performance mode (MCHP).
There are 0 macrocells in low power mode (MCLP).
End of Mapped Resource Summary
**************************  Errors and Warnings  ***************************

WARNING:Cpld - Unable to retrieve the path to the iSE Project Repository. Will
   use the default filename of 'send.ise'.
INFO:Cpld - Inferring BUFG constraint for signal 'clk' based upon the LOC
   constraint 'P5'. It is recommended that you declare this BUFG explicitedly in
   your design. Note that for certain device families the output of a BUFG
   constraint can not drive a gated clock, and the BUFG constraint will be
   ignored.
INFO:Cpld - Inferring BUFG constraint for signal 'enable' based upon the LOC
   constraint 'P6'. It is recommended that you declare this BUFG explicitedly in
   your design. Note that for certain device families the output of a BUFG
   constraint can not drive a gated clock, and the BUFG constraint will be
   ignored.
WARNING:Cpld:828 - Signal 'x2/pulson_mux0001.RSTF' has been minimized to 'GND'.
     The signal is removed.
WARNING:Cpld:1239 - The global clock designation (BUFG) on signal 'enable_IBUF'
   is ignored. Most likely the signal is gated and therefore cannot be used as a
   global control signal.
*************************  Summary of Mapped Logic  ************************

** 5 Outputs **

Signal                                  Total Total Loc     Pin  Pin     Pin     Pwr  Slew Reg Init
Name                                    Pts   Inps          No.  Type    Use     Mode Rate State
lmp<0>                                  2     6     FB1_2   1    I/O     O       STD  FAST RESET
lmp<1>                                  2     6     FB1_5   2    I/O     O       STD  FAST RESET
lmp<2>                                  2     6     FB1_6   3    I/O     O       STD  FAST RESET
lmp<3>                                  2     6     FB1_8   4    I/O     O       STD  FAST RESET
transmitter                             2     2     FB3_8   13   I/O     O       STD  FAST RESET

** 45 Buried Nodes **

Signal                                  Total Total Loc     Pwr  Reg Init
Name                                    Pts   Inps          Mode State
nstate<4>/nstate<4>_SETF                2     5     FB1_1   STD  
nstate<3>/nstate<3>_SETF                4     5     FB1_3   STD  
nstate<1>/nstate<1>_SETF                3     5     FB1_4   STD  
nstate<0>/nstate<0>_RSTF                3     5     FB1_7   STD  
$OpTx$$OpTx$FX_DC$34_INV$346            4     6     FB1_9   STD  
nstate<0>/nstate<0>_SETF__$INT          5     6     FB1_10  STD  
nstate<4>/nstate<4>_RSTF__$INT          6     6     FB1_11  STD  
nstate<2>/nstate<2>_RSTF__$INT          6     6     FB1_13  STD  
nstate<3>/nstate<3>_RSTF__$INT          8     6     FB1_14  STD  
$OpTx$BIN_STEP$139                      1     6     FB1_15  STD  
transmitter_OBUF/transmitter_OBUF_RSTF  25    17    FB1_17  STD  
x2/state<1>                             1     1     FB2_7   STD  RESET
x2/state<0>                             1     1     FB2_8   STD  RESET
x1/q                                    1     1     FB2_9   STD  RESET
levin                                   1     1     FB2_10  STD  RESET
x2/nstate<1>/x2/nstate<1>_SETF          2     3     FB2_11  STD  
x2/nstate<0>/x2/nstate<0>_SETF          2     3     FB2_12  STD  
state<4>                                2     2     FB2_13  STD  RESET
pulse/pulse_RSTF                        3     4     FB2_14  STD  
nstate<2>/nstate<2>_SETF                3     4     FB2_15  STD  
x2/nstate<1>/x2/nstate<1>_RSTF__$INT    4     4     FB2_16  STD  
x2/nstate<0>/x2/nstate<0>_RSTF__$INT    4     4     FB2_17  STD  
pulse/pulse_SETF__$INT                  5     5     FB2_18  STD  
x3/count<7>                             1     7     FB3_4   STD  RESET
x3/count<6>                             1     6     FB3_5   STD  RESET
x3/count<5>                             1     5     FB3_6   STD  RESET
x3/count<4>                             1     4     FB3_7   STD  RESET
x3/count<3>                             1     3     FB3_9   STD  RESET
x3/count<2>                             1     2     FB3_10  STD  RESET
x3/count<1>                             1     1     FB3_11  STD  RESET
x3/count<0>                             1     8     FB3_12  STD  RESET
x2/pulson_mux0001                       0     0     FB3_13  STD  RESET
en                                      1     8     FB3_14  STD  RESET
state<3>                                2     2     FB3_15  STD  RESET
state<2>                                2     2     FB3_16  STD  RESET
state<1>                                2     2     FB3_17  STD  RESET
state<0>                                2     2     FB3_18  STD  RESET
x2/nstate<1>                            2     2     FB4_11  STD  RESET
x2/nstate<0>                            2     2     FB4_12  STD  RESET
pulse                                   2     2     FB4_13  STD  RESET

Signal                                  Total Total Loc     Pwr  Reg Init
Name                                    Pts   Inps          Mode State
nstate<4>                               2     2     FB4_14  STD  RESET
nstate<3>                               2     2     FB4_15  STD  RESET
nstate<2>                               2     2     FB4_16  STD  RESET
nstate<1>                               2     2     FB4_17  STD  RESET
nstate<0>                               2     2     FB4_18  STD  RESET

** 7 Inputs **

Signal                                  Loc     Pin  Pin     Pin     
Name                                            No.  Type    Use     
clk                                     FB1_9   5    GCK/I/O GCK/I
enable                                  FB1_11  6    GCK/I/O I
reset                                   FB2_9   39   GSR/I/O GSR/I
in_signal<1>                            FB3_11  18   I/O     I
in_signal<2>                            FB3_14  19   I/O     I
in_signal<0>                            FB3_15  20   I/O     I
in_signal<3>                            FB3_17  22   I/O     I

Legend:
Pin No. - ~ - User Assigned
**************************  Function Block Details  ************************
Legend:
Total Pt     - Total product terms used by the macrocell signal
Imp Pt       - Product terms imported from other macrocells
Exp Pt       - Product terms exported to other macrocells
               in direction shown
Unused Pt    - Unused local product terms remaining in macrocell
Loc          - Location where logic was mapped in device
Pin Type/Use - I  - Input             GCK - Global Clock
               O  - Output            GTS - Global Output Enable
              (b) - Buried macrocell  GSR - Global Set/Reset
X            - Signal used as input to the macrocell logic.
Pin No.      - ~  - User Assigned
*********************************** FB1  ***********************************
Number of function block inputs used/remaining:               17/37
Number of signals used by logic mapping into function block:  17
Signal              Total   Imp   Exp Unused  Loc     Pin   Pin     Pin
Name                Pt      Pt    Pt  Pt               #    Type    Use
nstate<4>/nstate<4>_SETF
                      2       2<- /\5   0     FB1_1         (b)     (b)
lmp<0>                2       0   /\2   1     FB1_2   1     I/O     O
nstate<3>/nstate<3>_SETF
                      4       0     0   1     FB1_3         (b)     (b)
nstate<1>/nstate<1>_SETF
                      3       0     0   2     FB1_4         (b)     (b)
lmp<1>                2       0     0   3     FB1_5   2     I/O     O
lmp<2>                2       0     0   3     FB1_6   3     I/O     O
nstate<0>/nstate<0>_RSTF
                      3       0     0   2     FB1_7         (b)     (b)
lmp<3>                2       0     0   3     FB1_8   4     I/O     O
$OpTx$$OpTx$FX_DC$34_INV$346
                      4       0   \/1   0     FB1_9   5     GCK/I/O GCK/I
nstate<0>/nstate<0>_SETF__$INT
                      5       1<- \/1   0     FB1_10        (b)     (b)
nstate<4>/nstate<4>_RSTF__$INT
                      6       1<-   0   0     FB1_11  6     GCK/I/O I
(unused)              0       0   \/5   0     FB1_12        (b)     (b)
nstate<2>/nstate<2>_RSTF__$INT
                      6       5<- \/4   0     FB1_13        (b)     (b)
nstate<3>/nstate<3>_RSTF__$INT
                      8       4<- \/1   0     FB1_14  7     GCK/I/O (b)
$OpTx$BIN_STEP$139    1       1<- \/5   0     FB1_15  8     I/O     (b)
(unused)              0       0   \/5   0     FB1_16        (b)     (b)
transmitter_OBUF/transmitter_OBUF_RSTF
                     25      20<-   0   0     FB1_17  9     I/O     (b)
(unused)              0       0   /\5   0     FB1_18        (b)     (b)

Signals Used by Logic in Function Block
  1: clk                        7: nstate<0>/nstate<0>_SETF__$INT  13: state<1> 
  2: in_signal<0>               8: nstate<1>/nstate<1>_SETF        14: state<2> 
  3: in_signal<1>               9: nstate<2>/nstate<2>_SETF        15: state<3> 
  4: in_signal<2>              10: nstate<4>/nstate<4>_SETF        16: state<4> 
  5: in_signal<3>              11: pulse                           17: transmitter 
  6: nstate<0>/nstate<0>_RSTF  12: state<0>                       

Signal                        1         2         3         4 FB
Name                0----+----0----+----0----+----0----+----0 Inputs
nstate<4>/nstate<4>_SETF 
                     ...........XXXXX........................ 5
lmp<0>               .X.........XXXXX........................ 6
nstate<3>/nstate<3>_SETF 
                     ...........XXXXX........................ 5
nstate<1>/nstate<1>_SETF 
                     ...........XXXXX........................ 5
lmp<1>               ..X........XXXXX........................ 6
lmp<2>               ...X.......XXXXX........................ 6
nstate<0>/nstate<0>_RSTF 
                     ...........XXXXX........................ 5
lmp<3>               ....X......XXXXX........................ 6
$OpTx$$OpTx$FX_DC$34_INV$346 
                     ..........XXXXXX........................ 6
nstate<0>/nstate<0>_SETF__$INT 
                     ..........XXXXXX........................ 6
nstate<4>/nstate<4>_RSTF__$INT 
                     ..........XXXXXX........................ 6
nstate<2>/nstate<2>_RSTF__$INT 
                     ..........XXXXXX........................ 6
nstate<3>/nstate<3>_RSTF__$INT 
                     ..........XXXXXX........................ 6
$OpTx$BIN_STEP$139   ..........XXXXXX........................ 6
transmitter_OBUF/transmitter_OBUF_RSTF 
                     XXXXXXXXXXXXXXXXX....................... 17
                    0----+----1----+----2----+----3----+----4
                              0         0         0         0
*********************************** FB2  ***********************************
Number of function block inputs used/remaining:               15/39
Number of signals used by logic mapping into function block:  15
Signal              Total   Imp   Exp Unused  Loc     Pin   Pin     Pin
Name                Pt      Pt    Pt  Pt               #    Type    Use
(unused)              0       0     0   5     FB2_1         (b)     
(unused)              0       0     0   5     FB2_2   35    I/O     
(unused)              0       0     0   5     FB2_3         (b)     
(unused)              0       0     0   5     FB2_4         (b)     
(unused)              0       0     0   5     FB2_5   36    I/O     
(unused)              0       0     0   5     FB2_6   37    I/O     
x2/state<1>           1       0     0   4     FB2_7         (b)     (b)
x2/state<0>           1       0     0   4     FB2_8   38    I/O     (b)
x1/q                  1       0     0   4     FB2_9   39    GSR/I/O GSR/I
levin                 1       0     0   4     FB2_10        (b)     (b)
x2/nstate<1>/x2/nstate<1>_SETF
                      2       0     0   3     FB2_11  40    GTS/I/O (b)
x2/nstate<0>/x2/nstate<0>_SETF
                      2       0     0   3     FB2_12        (b)     (b)
state<4>              2       0     0   3     FB2_13        (b)     (b)
pulse/pulse_RSTF      3       0     0   2     FB2_14  42    GTS/I/O (b)
nstate<2>/nstate<2>_SETF
                      3       0     0   2     FB2_15  43    I/O     (b)
x2/nstate<1>/x2/nstate<1>_RSTF__$INT
                      4       0     0   1     FB2_16        (b)     (b)
x2/nstate<0>/x2/nstate<0>_RSTF__$INT
                      4       0     0   1     FB2_17  44    I/O     (b)
pulse/pulse_SETF__$INT
                      5       0     0   0     FB2_18        (b)     (b)

Signals Used by Logic in Function Block
  1: en                 6: state<0>          11: x2/nstate<0> 
  2: enable             7: state<1>          12: x2/nstate<1> 
  3: levin              8: state<2>          13: x2/pulson_mux0001 
  4: nstate<4>          9: state<4>          14: x2/state<0> 
  5: reset             10: x1/q              15: x2/state<1> 

Signal                        1         2         3         4 FB
Name                0----+----0----+----0----+----0----+----0 Inputs
x2/state<1>          ...........X............................ 1
x2/state<0>          ..........X............................. 1
x1/q                 .X...................................... 1
levin                .........X.............................. 1
x2/nstate<1>/x2/nstate<1>_SETF 
                     ..X..........XX......................... 3
x2/nstate<0>/x2/nstate<0>_SETF 
                     ..X..........XX......................... 3
state<4>             X..X.................................... 2
pulse/pulse_RSTF     ..X.........XXX......................... 4
nstate<2>/nstate<2>_SETF 
                     .....XXXX............................... 4
x2/nstate<1>/x2/nstate<1>_RSTF__$INT 
                     ..X.X........XX......................... 4
x2/nstate<0>/x2/nstate<0>_RSTF__$INT 
                     ..X.X........XX......................... 4
pulse/pulse_SETF__$INT 
                     ..X.X.......XXX......................... 5
                    0----+----1----+----2----+----3----+----4
                              0         0         0         0
*********************************** FB3  ***********************************
Number of function block inputs used/remaining:               15/39
Number of signals used by logic mapping into function block:  15
Signal              Total   Imp   Exp Unused  Loc     Pin   Pin     Pin
Name                Pt      Pt    Pt  Pt               #    Type    Use
(unused)              0       0     0   5     FB3_1         (b)     
(unused)              0       0     0   5     FB3_2   11    I/O     
(unused)              0       0     0   5     FB3_3         (b)     
x3/count<7>           1       0     0   4     FB3_4         (b)     (b)
x3/count<6>           1       0     0   4     FB3_5   12    I/O     (b)
x3/count<5>           1       0     0   4     FB3_6         (b)     (b)
x3/count<4>           1       0     0   4     FB3_7         (b)     (b)
transmitter           2       0     0   3     FB3_8   13    I/O     O
x3/count<3>           1       0     0   4     FB3_9   14    I/O     (b)
x3/count<2>           1       0     0   4     FB3_10        (b)     (b)
x3/count<1>           1       0     0   4     FB3_11  18    I/O     I
x3/count<0>           1       0     0   4     FB3_12        (b)     (b)
x2/pulson_mux0001     0       0     0   5     FB3_13        (b)     (b)
en                    1       0     0   4     FB3_14  19    I/O     I
state<3>              2       0     0   3     FB3_15  20    I/O     I
state<2>              2       0     0   3     FB3_16  24    I/O     (b)
state<1>              2       0     0   3     FB3_17  22    I/O     I
state<0>              2       0     0   3     FB3_18        (b)     (b)

Signals Used by Logic in Function Block
  1: $OpTx$BIN_STEP$139   6: nstate<3>                               11: x3/count<3> 
  2: en                   7: transmitter_OBUF/transmitter_OBUF_RSTF  12: x3/count<4> 
  3: nstate<0>            8: x3/count<0>                             13: x3/count<5> 
  4: nstate<1>            9: x3/count<1>                             14: x3/count<6> 
  5: nstate<2>           10: x3/count<2>                             15: x3/count<7> 

Signal                        1         2         3         4 FB
Name                0----+----0----+----0----+----0----+----0 Inputs
x3/count<7>          .......XXXXXXX.......................... 7
x3/count<6>          .......XXXXXX........................... 6
x3/count<5>          .......XXXXX............................ 5
x3/count<4>          .......XXXX............................. 4
transmitter          X.....X................................. 2
x3/count<3>          .......XXX.............................. 3
x3/count<2>          .......XX............................... 2
x3/count<1>          .......X................................ 1
x3/count<0>          .......XXXXXXXX......................... 8
x2/pulson_mux0001    ........................................ 0
en                   .......XXXXXXXX......................... 8
state<3>             .X...X.................................. 2
state<2>             .X..X................................... 2
state<1>             .X.X.................................... 2
state<0>             .XX..................................... 2
                    0----+----1----+----2----+----3----+----4
                              0         0         0         0
*********************************** FB4  ***********************************
Number of function block inputs used/remaining:               16/38
Number of signals used by logic mapping into function block:  16
Signal              Total   Imp   Exp Unused  Loc     Pin   Pin     Pin
Name                Pt      Pt    Pt  Pt               #    Type    Use
(unused)              0       0     0   5     FB4_1         (b)     
(unused)              0       0     0   5     FB4_2   25    I/O     
(unused)              0       0     0   5     FB4_3         (b)     
(unused)              0       0     0   5     FB4_4         (b)     
(unused)              0       0     0   5     FB4_5   26    I/O     
(unused)              0       0     0   5     FB4_6         (b)     
(unused)              0       0     0   5     FB4_7         (b)     
(unused)              0       0     0   5     FB4_8   27    I/O     
(unused)              0       0     0   5     FB4_9         (b)     
(unused)              0       0     0   5     FB4_10        (b)     
x2/nstate<1>          2       0     0   3     FB4_11  28    I/O     (b)
x2/nstate<0>          2       0     0   3     FB4_12        (b)     (b)
pulse                 2       0     0   3     FB4_13        (b)     (b)
nstate<4>             2       0     0   3     FB4_14  29    I/O     (b)
nstate<3>             2       0     0   3     FB4_15  33    I/O     (b)
nstate<2>             2       0     0   3     FB4_16        (b)     (b)
nstate<1>             2       0     0   3     FB4_17  34    I/O     (b)
nstate<0>             2       0     0   3     FB4_18        (b)     (b)

Signals Used by Logic in Function Block
  1: $OpTx$$OpTx$FX_DC$34_INV$346     7: nstate<3>/nstate<3>_RSTF__$INT  12: pulse/pulse_SETF__$INT 
  2: nstate<0>/nstate<0>_RSTF         8: nstate<3>/nstate<3>_SETF        13: x2/nstate<0>/x2/nstate<0>_RSTF__$INT 
  3: nstate<0>/nstate<0>_SETF__$INT   9: nstate<4>/nstate<4>_RSTF__$INT  14: x2/nstate<0>/x2/nstate<0>_SETF 
  4: nstate<1>/nstate<1>_SETF        10: nstate<4>/nstate<4>_SETF        15: x2/nstate<1>/x2/nstate<1>_RSTF__$INT 
  5: nstate<2>/nstate<2>_RSTF__$INT  11: pulse/pulse_RSTF                16: x2/nstate<1>/x2/nstate<1>_SETF 
  6: nstate<2>/nstate<2>_SETF       

Signal                        1         2         3         4 FB
Name                0----+----0----+----0----+----0----+----0 Inputs
x2/nstate<1>         ..............XX........................ 2
x2/nstate<0>         ............XX.......................... 2
pulse                ..........XX............................ 2
nstate<4>            ........XX.............................. 2
nstate<3>            ......XX................................ 2
nstate<2>            ....XX.................................. 2
nstate<1>            X..X.................................... 2
nstate<0>            .XX..................................... 2
                    0----+----1----+----2----+----3----+----4
                              0         0         0         0
*******************************  Equations  ********************************

********** Mapped Logic **********


$OpTx$$OpTx$FX_DC$34_INV$346 <= ((state(2) AND state(4))
	OR (state(4) AND state(3))
	OR (state(0) AND state(1) AND state(4))
	OR (NOT state(0) AND NOT state(1) AND NOT state(2) AND NOT state(4) AND 
	NOT state(3) AND pulse));


$OpTx$BIN_STEP$139 <= (NOT state(0) AND NOT state(1) AND NOT state(2) AND NOT state(4) AND 
	NOT state(3) AND NOT pulse);







FDCPE_en: FDCPE port map (en,en_D,clk,NOT reset,'0');
en_D <= (x3/count(0) AND x3/count(1) AND x3/count(2) AND 
	x3/count(3) AND x3/count(4) AND x3/count(5) AND x3/count(6) AND 
	x3/count(7));

FDCPE_levin: FDCPE port map (levin,x1/q,clk,'0','0');

FDCPE_lmp0: FDCPE port map (lmp(0),'0','0',lmp_CLR(0),lmp_PRE(0));
lmp_CLR(0) <= (NOT state(0) AND state(1) AND state(2) AND NOT state(4) AND 
	state(3) AND NOT in_signal(0));
lmp_PRE(0) <= (NOT state(0) AND state(1) AND state(2) AND NOT state(4) AND 
	state(3) AND in_signal(0));

FDCPE_lmp1: FDCPE port map (lmp(1),'0','0',lmp_CLR(1),lmp_PRE(1));
lmp_CLR(1) <= (state(0) AND state(1) AND state(2) AND NOT state(4) AND 
	state(3) AND NOT in_signal(1));
lmp_PRE(1) <= (state(0) AND state(1) AND state(2) AND NOT state(4) AND 
	state(3) AND in_signal(1));

FDCPE_lmp2: FDCPE port map (lmp(2),'0','0',lmp_CLR(2),lmp_PRE(2));
lmp_CLR(2) <= (NOT state(0) AND NOT state(1) AND NOT state(2) AND state(4) AND 
	NOT state(3) AND NOT in_signal(2));
lmp_PRE(2) <= (NOT state(0) AND NOT state(1) AND NOT state(2) AND state(4) AND 
	NOT state(3) AND in_signal(2));

FDCPE_lmp3: FDCPE port map (lmp(3),'0','0',lmp_CLR(3),lmp_PRE(3));
lmp_CLR(3) <= (state(0) AND NOT state(1) AND NOT state(2) AND state(4) AND 
	NOT state(3) AND NOT in_signal(3));
lmp_PRE(3) <= (state(0) AND NOT state(1) AND NOT state(2) AND state(4) AND 
	NOT state(3) AND in_signal(3));


nstate(0)/nstate(0)_RSTF <= ((state(0) AND NOT state(4))
	OR (state(0) AND NOT state(1) AND NOT state(2) AND NOT state(3))
	OR (NOT state(0) AND state(1) AND NOT state(2) AND state(4) AND 
	NOT state(3)));


nstate(0)/nstate(0)_SETF__$INT <= ((state(0))
	OR (state(4) AND state(3))
	OR (state(1) AND state(4))
	OR (state(2) AND state(4))
	OR (NOT state(1) AND NOT state(2) AND NOT state(4) AND NOT state(3) AND 
	pulse));

FDCPE_nstate0: FDCPE port map (nstate(0),'0','0',nstate(0)/nstate(0)_RSTF,NOT nstate(0)/nstate(0)_SETF__$INT);

FDCPE_nstate1: FDCPE port map (nstate(1),'0','0',nstate_CLR(1),nstate(1)/nstate(1)_SETF);
nstate_CLR(1) <= (NOT nstate(1)/nstate(1)_SETF AND 
	NOT $OpTx$$OpTx$FX_DC$34_INV$346);


nstate(1)/nstate(1)_SETF <= ((state(0) AND NOT state(1) AND NOT state(4))
	OR (NOT state(0) AND state(1) AND NOT state(4))
	OR (state(0) AND NOT state(1) AND NOT state(2) AND NOT state(3)));

FDCPE_nstate2: FDCPE port map (nstate(2),'0','0',NOT nstate(2)/nstate(2)_RSTF__$INT,nstate(2)/nstate(2)_SETF);


nstate(2)/nstate(2)_RSTF__$INT <= ((NOT state(1) AND state(2))
	OR (state(2) AND state(4))
	OR (state(4) AND state(3))
	OR (state(0) AND state(1) AND NOT state(2))
	OR (NOT state(0) AND NOT state(1) AND NOT state(4) AND NOT state(3) AND 
	pulse)
	OR (NOT state(0) AND state(2)));


nstate(2)/nstate(2)_SETF <= ((NOT state(0) AND state(2) AND NOT state(4))
	OR (NOT state(1) AND state(2) AND NOT state(4))
	OR (state(0) AND state(1) AND NOT state(2) AND NOT state(4)));

FDCPE_nstate3: FDCPE port map (nstate(3),'0','0',NOT nstate(3)/nstate(3)_RSTF__$INT,nstate(3)/nstate(3)_SETF);


nstate(3)/nstate(3)_SETF <= ((NOT state(0) AND NOT state(4) AND state(3))
	OR (NOT state(1) AND NOT state(4) AND state(3))
	OR (NOT state(2) AND NOT state(4) AND state(3))
	OR (state(0) AND state(1) AND state(2) AND NOT state(4) AND 
	NOT state(3)));


nstate(3)/nstate(3)_RSTF__$INT <= ((NOT state(0) AND state(3))
	OR (state(2) AND state(4))
	OR (state(4) AND state(3))
	OR (state(0) AND state(1) AND state(4))
	OR (NOT state(1) AND state(3))
	OR (NOT state(2) AND state(3))
	OR (state(0) AND state(1) AND state(2) AND NOT state(3))
	OR (NOT state(0) AND NOT state(1) AND NOT state(2) AND NOT state(4) AND 
	pulse));


nstate(4)/nstate(4)_RSTF__$INT <= ((state(2) AND state(4))
	OR (state(0) AND state(4))
	OR (NOT state(1) AND state(4))
	OR (state(4) AND state(3))
	OR (state(0) AND state(1) AND state(2) AND state(3))
	OR (NOT state(0) AND NOT state(1) AND NOT state(2) AND NOT state(3) AND 
	pulse));


nstate(4)/nstate(4)_SETF <= ((NOT state(1) AND NOT state(2) AND state(4) AND NOT state(3))
	OR (state(0) AND state(1) AND state(2) AND NOT state(4) AND 
	state(3)));

FDCPE_nstate4: FDCPE port map (nstate(4),'0','0',NOT nstate(4)/nstate(4)_RSTF__$INT,nstate(4)/nstate(4)_SETF);

FDCPE_pulse: FDCPE port map (pulse,'0','0',pulse/pulse_RSTF,NOT pulse/pulse_SETF__$INT);


pulse/pulse_RSTF <= ((x2/state(1) AND x2/state(0) AND NOT x2/pulson_mux0001)
	OR (NOT x2/state(1) AND x2/state(0) AND NOT levin)
	OR (NOT x2/state(1) AND NOT x2/state(0) AND NOT x2/pulson_mux0001));


pulse/pulse_SETF__$INT <= ((reset AND NOT x2/state(1) AND x2/state(0))
	OR (x2/state(1) AND x2/state(0) AND NOT x2/pulson_mux0001)
	OR (NOT x2/state(1) AND x2/state(0) AND NOT levin)
	OR (NOT x2/state(1) AND NOT x2/state(0) AND NOT x2/pulson_mux0001)
	OR (reset AND x2/state(1) AND NOT x2/state(0) AND NOT levin));

FDCPE_state0: FDCPE port map (state(0),nstate(0),clk,NOT reset,'0',en);

FDCPE_state1: FDCPE port map (state(1),nstate(1),clk,NOT reset,'0',en);

FDCPE_state2: FDCPE port map (state(2),nstate(2),clk,NOT reset,'0',en);

FDCPE_state3: FDCPE port map (state(3),nstate(3),clk,NOT reset,'0',en);

FDCPE_state4: FDCPE port map (state(4),nstate(4),clk,NOT reset,'0',en);

FDCPE_transmitter: FDCPE port map (transmitter,'0','0',transmitter_OBUF/transmitter_OBUF_RSTF,transmitter_PRE);
transmitter_PRE <= (NOT transmitter_OBUF/transmitter_OBUF_RSTF AND 
	NOT $OpTx$BIN_STEP$139);


transmitter_OBUF/transmitter_OBUF_RSTF <= (($OpTx$BIN_STEP$139.EXP)
	OR (NOT transmitter AND NOT nstate(0)/nstate(0)_RSTF AND 
	nstate(0)/nstate(0)_SETF__$INT)
	OR (clk AND NOT state(4) AND in_signal(1) AND 
	nstate(0)/nstate(0)_RSTF)
	OR (NOT clk AND state(4) AND NOT in_signal(3) AND 
	nstate(1)/nstate(1)_SETF)
	OR (NOT clk AND state(4) AND nstate(2)/nstate(2)_SETF AND 
	NOT nstate(0)/nstate(0)_SETF__$INT)
	OR (NOT clk AND NOT nstate(1)/nstate(1)_SETF AND 
	nstate(2)/nstate(2)_SETF AND nstate(0)/nstate(0)_RSTF AND 
	NOT nstate(0)/nstate(0)_SETF__$INT)
	OR (nstate(4)/nstate(4)_SETF.EXP)
	OR (clk AND state(0) AND nstate(1)/nstate(1)_SETF AND 
	NOT nstate(4)/nstate(4)_SETF)
	OR (clk AND NOT state(1) AND in_signal(3) AND 
	nstate(0)/nstate(0)_RSTF)
	OR (clk AND in_signal(2) AND nstate(4)/nstate(4)_SETF AND 
	NOT nstate(0)/nstate(0)_SETF__$INT)
	OR (NOT clk AND state(3) AND NOT in_signal(1) AND 
	nstate(4)/nstate(4)_SETF)
	OR (NOT clk AND nstate(2)/nstate(2)_SETF AND 
	nstate(4)/nstate(4)_SETF AND NOT nstate(0)/nstate(0)_SETF__$INT)
	OR (NOT clk AND NOT state(3) AND nstate(2)/nstate(2)_SETF AND 
	NOT nstate(0)/nstate(0)_SETF__$INT)
	OR (NOT clk AND NOT in_signal(0) AND nstate(2)/nstate(2)_SETF AND 
	NOT nstate(0)/nstate(0)_SETF__$INT)
	OR (NOT clk AND NOT state(0) AND NOT nstate(1)/nstate(1)_SETF AND 
	nstate(2)/nstate(2)_SETF AND NOT nstate(0)/nstate(0)_SETF__$INT)
	OR (NOT clk AND state(4) AND NOT in_signal(2) AND 
	NOT nstate(1)/nstate(1)_SETF AND nstate(4)/nstate(4)_SETF)
	OR (NOT clk AND state(2) AND NOT state(3) AND 
	NOT nstate(1)/nstate(1)_SETF AND nstate(0)/nstate(0)_RSTF AND 
	NOT nstate(0)/nstate(0)_SETF__$INT));

FDCPE_x1/q: FDCPE port map (x1/q,enable,clk,'0','0');


x2/nstate(0)/x2/nstate(0)_SETF <= ((x2/state(1) AND NOT x2/state(0) AND levin)
	OR (NOT x2/state(1) AND NOT x2/state(0) AND NOT levin));

FDCPE_x2/nstate0: FDCPE port map (x2/nstate(0),'0','0',NOT x2/nstate(0)/x2/nstate(0)_RSTF__$INT,x2/nstate(0)/x2/nstate(0)_SETF);


x2/nstate(0)/x2/nstate(0)_RSTF__$INT <= ((reset AND x2/state(1) AND NOT x2/state(0))
	OR (x2/state(1) AND NOT x2/state(0) AND levin)
	OR (NOT x2/state(1) AND NOT x2/state(0) AND NOT levin)
	OR (reset AND NOT x2/state(1) AND x2/state(0) AND levin));

FDCPE_x2/nstate1: FDCPE port map (x2/nstate(1),'0','0',NOT x2/nstate(1)/x2/nstate(1)_RSTF__$INT,x2/nstate(1)/x2/nstate(1)_SETF);


x2/nstate(1)/x2/nstate(1)_RSTF__$INT <= ((reset AND x2/state(1) AND NOT x2/state(0))
	OR (reset AND NOT x2/state(1) AND x2/state(0))
	OR (x2/state(1) AND NOT x2/state(0) AND levin)
	OR (NOT x2/state(1) AND x2/state(0) AND NOT levin));


x2/nstate(1)/x2/nstate(1)_SETF <= ((x2/state(1) AND NOT x2/state(0) AND levin)
	OR (NOT x2/state(1) AND x2/state(0) AND NOT levin));

FDCPE_x2/pulson_mux0001: FDCPE port map (x2/pulson_mux0001,'0','0','0',NOT reset);

FDCPE_x2/state0: FDCPE port map (x2/state(0),x2/nstate(0),clk,'0','0');

FDCPE_x2/state1: FDCPE port map (x2/state(1),x2/nstate(1),clk,'0','0');

FTCPE_x3/count0: FTCPE port map (x3/count(0),x3/count_T(0),clk,'0',NOT reset);
x3/count_T(0) <= (x3/count(0) AND x3/count(1) AND x3/count(2) AND 
	x3/count(3) AND x3/count(4) AND x3/count(5) AND x3/count(6) AND 
	x3/count(7));

FTCPE_x3/count1: FTCPE port map (x3/count(1),x3/count(0),clk,NOT reset,'0');

FTCPE_x3/count2: FTCPE port map (x3/count(2),x3/count_T(2),clk,NOT reset,'0');
x3/count_T(2) <= (x3/count(0) AND x3/count(1));

FTCPE_x3/count3: FTCPE port map (x3/count(3),x3/count_T(3),clk,NOT reset,'0');
x3/count_T(3) <= (x3/count(0) AND x3/count(1) AND x3/count(2));

FTCPE_x3/count4: FTCPE port map (x3/count(4),x3/count_T(4),clk,NOT reset,'0');
x3/count_T(4) <= (x3/count(0) AND x3/count(1) AND x3/count(2) AND 
	x3/count(3));

FTCPE_x3/count5: FTCPE port map (x3/count(5),x3/count_T(5),clk,NOT reset,'0');
x3/count_T(5) <= (x3/count(0) AND x3/count(1) AND x3/count(2) AND 
	x3/count(3) AND x3/count(4));

FTCPE_x3/count6: FTCPE port map (x3/count(6),x3/count_T(6),clk,NOT reset,'0');
x3/count_T(6) <= (x3/count(0) AND x3/count(1) AND x3/count(2) AND 
	x3/count(3) AND x3/count(4) AND x3/count(5));

FTCPE_x3/count7: FTCPE port map (x3/count(7),x3/count_T(7),clk,NOT reset,'0');
x3/count_T(7) <= (x3/count(0) AND x3/count(1) AND x3/count(2) AND 
	x3/count(3) AND x3/count(4) AND x3/count(5) AND x3/count(6));

Register Legend:
 FDCPE (Q,D,C,CLR,PRE,CE); 
 FTCPE (Q,D,C,CLR,PRE,CE); 
 LDCP  (Q,D,G,CLR,PRE); 

******************************  Device Pin Out *****************************

Device : XC9572XL-5-PC44


   --------------------------------  
  /6  5  4  3  2  1  44 43 42 41 40 \
 | 7                             39 | 
 | 8                             38 | 
 | 9                             37 | 
 | 10                            36 | 
 | 11        XC9572XL-5-PC44     35 | 
 | 12                            34 | 
 | 13                            33 | 
 | 14                            32 | 
 | 15                            31 | 
 | 16                            30 | 
 | 17                            29 | 
 \ 18 19 20 21 22 23 24 25 26 27 28 /
   --------------------------------  


Pin Signal                         Pin Signal                        
No. Name                           No. Name                          
  1 lmp<0>                           23 GND                           
  2 lmp<1>                           24 KPR                           
  3 lmp<2>                           25 KPR                           
  4 lmp<3>                           26 KPR                           
  5 clk                              27 KPR                           
  6 enable                           28 KPR                           
  7 KPR                              29 KPR                           
  8 KPR                              30 TDO                           
  9 KPR                              31 GND                           
 10 GND                              32 VCC                           
 11 KPR                              33 KPR                           
 12 KPR                              34 KPR                           
 13 transmitter                      35 KPR                           
 14 KPR                              36 KPR                           
 15 TDI                              37 KPR                           
 16 TMS                              38 KPR                           
 17 TCK                              39 reset                         
 18 in_signal<1>                     40 KPR                           
 19 in_signal<2>                     41 VCC                           
 20 in_signal<0>                     42 KPR                           
 21 VCC                              43 KPR                           
 22 in_signal<3>                     44 KPR                           


Legend :  NC  = Not Connected, unbonded pin
         PGND = Unused I/O configured as additional Ground pin
         TIE  = Unused I/O floating -- must tie to VCC, GND or other signal
         KPR  = Unused I/O with weak keeper (leave unconnected)
         VCC  = Dedicated Power Pin
         GND  = Dedicated Ground Pin
         TDI  = Test Data In, JTAG pin
         TDO  = Test Data Out, JTAG pin
         TCK  = Test Clock, JTAG pin
         TMS  = Test Mode Select, JTAG pin
  PROHIBITED  = User reserved pin
****************************  Compiler Options  ****************************

Following is a list of all global compiler options used by the fitter run.

Device(s) Specified                         : xc9572xl-5-PC44
Optimization Method                         : SPEED
Multi-Level Logic Optimization              : ON
Ignore Timing Specifications                : OFF
Default Register Power Up Value             : LOW
Keep User Location Constraints              : ON
What-You-See-Is-What-You-Get                : OFF
Exhaustive Fitting                          : OFF
Keep Unused Inputs                          : OFF
Slew Rate                                   : FAST
Power Mode                                  : STD
Ground on Unused IOs                        : OFF
Set I/O Pin Termination                     : KEEPER
Global Clock Optimization                   : ON
Global Set/Reset Optimization               : ON
Global Ouput Enable Optimization            : ON
Input Limit                                 : 54
Pterm Limit                                 : 25
