Release 14.2 - xst P.28xd (nt64)
Copyright (c) 1995-2012 Xilinx, Inc.  All rights reserved.
--> Parameter TMPDIR set to xst/projnav.tmp


Total REAL time to Xst completion: 0.00 secs
Total CPU time to Xst completion: 0.22 secs
 
--> Parameter xsthdpdir set to xst


Total REAL time to Xst completion: 0.00 secs
Total CPU time to Xst completion: 0.23 secs
 
--> Reading design: send.prj

TABLE OF CONTENTS
  1) Synthesis Options Summary
  2) HDL Compilation
  3) Design Hierarchy Analysis
  4) HDL Analysis
  5) HDL Synthesis
     5.1) HDL Synthesis Report
  6) Advanced HDL Synthesis
     6.1) Advanced HDL Synthesis Report
  7) Low Level Synthesis
  8) Partition Report
  9) Final Report

=========================================================================
*                      Synthesis Options Summary                        *
=========================================================================
---- Source Parameters
Input File Name                    : "send.prj"
Input Format                       : mixed
Ignore Synthesis Constraint File   : NO

---- Target Parameters
Output File Name                   : "send"
Output Format                      : NGC
Target Device                      : XC9500XL CPLDs

---- Source Options
Top Module Name                    : send
Automatic FSM Extraction           : YES
FSM Encoding Algorithm             : Auto
Safe Implementation                : No
Mux Extraction                     : Yes
Resource Sharing                   : YES

---- Target Options
Add IO Buffers                     : YES
MACRO Preserve                     : YES
XOR Preserve                       : YES
Equivalent register Removal        : YES

---- General Options
Optimization Goal                  : Speed
Optimization Effort                : 1
Keep Hierarchy                     : Yes
Netlist Hierarchy                  : As_Optimized
RTL Output                         : Yes
Hierarchy Separator                : /
Bus Delimiter                      : <>
Case Specifier                     : Maintain
Verilog 2001                       : YES

---- Other Options
Clock Enable                       : YES
wysiwyg                            : NO

=========================================================================


=========================================================================
*                          HDL Compilation                              *
=========================================================================
Compiling vhdl file "//file00.chalmers.se/home/lsofia/DigKon/project/digkon/project/host_cpld1/sync.vhd" in Library work.
Architecture behavioral of Entity sync is up to date.
Compiling vhdl file "//file00.chalmers.se/home/lsofia/DigKon/project/digkon/project/host_cpld1/lev_to_pulse.vhd" in Library work.
Architecture arch of Entity lev2pulse is up to date.
Compiling vhdl file "//file00.chalmers.se/home/lsofia/DigKon/project/digkon/project/host_cpld1/counter.vhd" in Library work.
Architecture arch of Entity counter is up to date.
Compiling vhdl file "//file00.chalmers.se/home/lsofia/DigKon/project/digkon/project/host_cpld1/send.vhd" in Library work.
Entity <send> compiled.
Entity <send> (Architecture <behavioral>) compiled.

=========================================================================
*                     Design Hierarchy Analysis                         *
=========================================================================
Analyzing hierarchy for entity <send> in library <work> (architecture <behavioral>).

Analyzing hierarchy for entity <sync> in library <work> (architecture <behavioral>).

Analyzing hierarchy for entity <lev2pulse> in library <work> (architecture <arch>).

Analyzing hierarchy for entity <counter> in library <work> (architecture <arch>).


=========================================================================
*                            HDL Analysis                               *
=========================================================================
Analyzing Entity <send> in library <work> (Architecture <behavioral>).
WARNING:Xst:819 - "//file00.chalmers.se/home/lsofia/DigKon/project/digkon/project/host_cpld1/send.vhd" line 52: One or more signals are missing in the process sensitivity list. To enable synthesis of FPGA/CPLD hardware, XST will assume that all necessary signals are present in the sensitivity list. Please note that the result of the synthesis may differ from the initial design specification. The missing signals are:
   <in_signal>
WARNING:Xst:753 - "//file00.chalmers.se/home/lsofia/DigKon/project/digkon/project/host_cpld1/send.vhd" line 83: Unconnected output port 'test_lamp' of component 'lev2pulse'.
Entity <send> analyzed. Unit <send> generated.

Analyzing Entity <sync> in library <work> (Architecture <behavioral>).
Entity <sync> analyzed. Unit <sync> generated.

Analyzing Entity <lev2pulse> in library <work> (Architecture <arch>).
WARNING:Xst:819 - "//file00.chalmers.se/home/lsofia/DigKon/project/digkon/project/host_cpld1/lev_to_pulse.vhd" line 16: One or more signals are missing in the process sensitivity list. To enable synthesis of FPGA/CPLD hardware, XST will assume that all necessary signals are present in the sensitivity list. Please note that the result of the synthesis may differ from the initial design specification. The missing signals are:
   <reset>
Entity <lev2pulse> analyzed. Unit <lev2pulse> generated.

Analyzing Entity <counter> in library <work> (Architecture <arch>).
Entity <counter> analyzed. Unit <counter> generated.


=========================================================================
*                           HDL Synthesis                               *
=========================================================================

Performing bidirectional port resolution...

Synthesizing Unit <sync>.
    Related source file is "//file00.chalmers.se/home/lsofia/DigKon/project/digkon/project/host_cpld1/sync.vhd".
WARNING:Xst:647 - Input <reset> is never used. This port will be preserved and left unconnected if it belongs to a top-level block or it belongs to a sub-block and the hierarchy of this sub-block is preserved.
    Found 1-bit register for signal <sync>.
    Found 1-bit register for signal <q>.
    Summary:
	inferred   2 D-type flip-flop(s).
Unit <sync> synthesized.


Synthesizing Unit <lev2pulse>.
    Related source file is "//file00.chalmers.se/home/lsofia/DigKon/project/digkon/project/host_cpld1/lev_to_pulse.vhd".
WARNING:Xst:1305 - Output <test_lamp> is never assigned. Tied to value 0.
WARNING:Xst:737 - Found 1-bit latch for signal <pulson>. Latches may be generated from incomplete case or if statements. We do not recommend the use of latches in FPGA/CPLD designs, as they may lead to timing problems.
INFO:Xst:2371 - HDL ADVISOR - Logic functions respectively driving the data and gate enable inputs of this latch share common terms. This situation will potentially lead to setup/hold violations and, as a result, to simulation problems. This situation may come from an incomplete case statement (all selector values are not covered). You should carefully review if it was in your intentions to describe such a latch.
WARNING:Xst:737 - Found 2-bit latch for signal <nstate>. Latches may be generated from incomplete case or if statements. We do not recommend the use of latches in FPGA/CPLD designs, as they may lead to timing problems.
INFO:Xst:2371 - HDL ADVISOR - Logic functions respectively driving the data and gate enable inputs of this latch share common terms. This situation will potentially lead to setup/hold violations and, as a result, to simulation problems. This situation may come from an incomplete case statement (all selector values are not covered). You should carefully review if it was in your intentions to describe such a latch.
WARNING:Xst:737 - Found 1-bit latch for signal <pulson$mux0001>. Latches may be generated from incomplete case or if statements. We do not recommend the use of latches in FPGA/CPLD designs, as they may lead to timing problems.
INFO:Xst:2371 - HDL ADVISOR - Logic functions respectively driving the data and gate enable inputs of this latch share common terms. This situation will potentially lead to setup/hold violations and, as a result, to simulation problems. This situation may come from an incomplete case statement (all selector values are not covered). You should carefully review if it was in your intentions to describe such a latch.
    Found 2-bit register for signal <state>.
Unit <lev2pulse> synthesized.


Synthesizing Unit <counter>.
    Related source file is "//file00.chalmers.se/home/lsofia/DigKon/project/digkon/project/host_cpld1/counter.vhd".
    Found 1-bit register for signal <done>.
    Found 8-bit up counter for signal <count>.
    Summary:
	inferred   1 Counter(s).
	inferred   1 D-type flip-flop(s).
Unit <counter> synthesized.


Synthesizing Unit <send>.
    Related source file is "//file00.chalmers.se/home/lsofia/DigKon/project/digkon/project/host_cpld1/send.vhd".
WARNING:Xst:1780 - Signal <count> is never used or assigned. This unconnected signal will be trimmed during the optimization process.
WARNING:Xst:737 - Found 1-bit latch for signal <transmitter>. Latches may be generated from incomplete case or if statements. We do not recommend the use of latches in FPGA/CPLD designs, as they may lead to timing problems.
WARNING:Xst:737 - Found 1-bit latch for signal <lmp_0>. Latches may be generated from incomplete case or if statements. We do not recommend the use of latches in FPGA/CPLD designs, as they may lead to timing problems.
WARNING:Xst:737 - Found 1-bit latch for signal <lmp_1>. Latches may be generated from incomplete case or if statements. We do not recommend the use of latches in FPGA/CPLD designs, as they may lead to timing problems.
WARNING:Xst:737 - Found 1-bit latch for signal <lmp_2>. Latches may be generated from incomplete case or if statements. We do not recommend the use of latches in FPGA/CPLD designs, as they may lead to timing problems.
WARNING:Xst:737 - Found 1-bit latch for signal <lmp_3>. Latches may be generated from incomplete case or if statements. We do not recommend the use of latches in FPGA/CPLD designs, as they may lead to timing problems.
WARNING:Xst:737 - Found 5-bit latch for signal <nstate>. Latches may be generated from incomplete case or if statements. We do not recommend the use of latches in FPGA/CPLD designs, as they may lead to timing problems.
INFO:Xst:2371 - HDL ADVISOR - Logic functions respectively driving the data and gate enable inputs of this latch share common terms. This situation will potentially lead to setup/hold violations and, as a result, to simulation problems. This situation may come from an incomplete case statement (all selector values are not covered). You should carefully review if it was in your intentions to describe such a latch.
    Found 5-bit register for signal <state>.
    Found 1-bit xor2 for signal <transmitter$xor0000> created at line 72.
    Found 1-bit xor2 for signal <transmitter$xor0001> created at line 73.
    Found 1-bit xor2 for signal <transmitter$xor0002> created at line 74.
    Found 1-bit xor2 for signal <transmitter$xor0003> created at line 75.
    Summary:
	inferred   4 Xor(s).
Unit <send> synthesized.


=========================================================================
HDL Synthesis Report

Macro Statistics
# Counters                                             : 1
 8-bit up counter                                      : 1
# Registers                                            : 5
 1-bit register                                        : 3
 2-bit register                                        : 1
 5-bit register                                        : 1
# Latches                                              : 9
 1-bit latch                                           : 7
 2-bit latch                                           : 1
 5-bit latch                                           : 1
# Xors                                                 : 4
 1-bit xor2                                            : 4

=========================================================================

=========================================================================
*                       Advanced HDL Synthesis                          *
=========================================================================


=========================================================================
Advanced HDL Synthesis Report

Macro Statistics
# Counters                                             : 1
 8-bit up counter                                      : 1
# Registers                                            : 3
 Flip-Flops                                            : 3
# Latches                                              : 9
 1-bit latch                                           : 7
 2-bit latch                                           : 1
 5-bit latch                                           : 1

=========================================================================

=========================================================================
*                         Low Level Synthesis                           *
=========================================================================

Optimizing unit <send> ...
  implementation constraint: INIT=r	 : state_4
  implementation constraint: INIT=r	 : state_1
  implementation constraint: INIT=r	 : state_2
  implementation constraint: INIT=r	 : state_3
  implementation constraint: INIT=r	 : state_0

Optimizing unit <sync> ...

Optimizing unit <lev2pulse> ...
  implementation constraint: INIT=r	 : state_1
  implementation constraint: INIT=r	 : state_0

Optimizing unit <counter> ...

=========================================================================
*                           Partition Report                            *
=========================================================================

Partition Implementation Status
-------------------------------

  No Partitions were found in this design.

-------------------------------

=========================================================================
*                            Final Report                               *
=========================================================================
Final Results
RTL Top Level Output File Name     : send.ngr
Top Level Output File Name         : send
Output Format                      : NGC
Optimization Goal                  : Speed
Keep Hierarchy                     : Yes
Target Technology                  : XC9500XL CPLDs
Macro Preserve                     : YES
XOR Preserve                       : YES
Clock Enable                       : YES
wysiwyg                            : NO

Design Statistics
# IOs                              : 12

Cell Usage :
# BELS                             : 212
#      AND2                        : 65
#      AND3                        : 9
#      AND4                        : 4
#      AND5                        : 2
#      AND6                        : 1
#      AND8                        : 1
#      INV                         : 88
#      OR2                         : 27
#      OR3                         : 3
#      OR4                         : 1
#      XOR2                        : 11
# FlipFlops/Latches                : 32
#      FD                          : 4
#      FDC                         : 8
#      FDCE                        : 5
#      FDP                         : 1
#      LD                          : 14
# IO Buffers                       : 12
#      IBUF                        : 7
#      OBUF                        : 5
=========================================================================


Total REAL time to Xst completion: 23.00 secs
Total CPU time to Xst completion: 23.01 secs
 
--> 

Total memory usage is 245528 kilobytes

Number of errors   :    0 (   0 filtered)
Number of warnings :   15 (   0 filtered)
Number of infos    :    4 (   0 filtered)

